This is TeX, C Version 3.14t3 (format=lplain 92.3.12)  29 JUL 1993 17:51
**iot93
(iot93.tex
LaTeX Version 2.09 <14 January 1992>
(/csuna/home/richardd/tex/inputs/new/iot.sty
`Isle of Thorns' Style (June 1993)
(/usr/local/lib/tex/inputs/article.sty
Standard Document Style `article' <14 Jan 92>.
(/usr/local/lib/tex/inputs/art11.sty)
\c@part=\count79
\c@section=\count80
\c@subsection=\count81
\c@subsubsection=\count82
\c@paragraph=\count83
\c@subparagraph=\count84
\c@figure=\count85
\c@table=\count86
) (/usr/local/lib/tex/inputs/pstimes.sty
(/usr/local/lib/tex/inputs/psfont.sty
\main@font@x@height=\dimen99
\aadimen=\dimen100
) (times scaled 1002))
(/usr/local/lib/tex/inputs/psgill.sty (gill scaled 998))
(/csuna/home/richardd/tex/inputs/new/iot.con))
(/usr/local/lib/tex/inputs/psfig.sty
\@unused=\write3

psfig/tex 1.9
\ps@stream=\read0
\p@intvaluex=\dimen101
\p@intvaluey=\dimen102
) (/usr/local/lib/tex/inputs/theapa.sty
APA Citation (& Optional APA Heading) Style - Version 2.5.1 (5/92)
\bibleftmargin=\skip41
\b@level@one@skip=\skip42
\e@level@one@skip=\skip43
\b@level@two@skip=\skip44
\e@level@two@skip=\skip45
\b@level@three@skip=\skip46
\e@level@three@skip=\skip47
\b@level@four@skip=\skip48
\e@level@four@skip=\skip49
\b@level@five@skip=\skip50
\e@level@five@skip=\skip51
\c@APAenum=\count87
\@text@par@indent=\skip52
\UL@hyphenbox=\box25
\UL@box=\box26
\UL@spfactor=\count88
\UL@penalty=\count89
\UL@skip=\skip53
\UL@lht=\dimen103
\UL@ldp=\dimen104
\UL@pixel=\dimen105
) (/usr/local/lib/tex/inputs/pstimesm.sty
\atcatcode=\count90

(/usr/local/lib/tex/inputs/mtmacs.tex) (/usr/local/lib/tex/inputs/pstimes.sty
(times scaled 1002))
\cal@group=\mathgroup11
) (iot93.aux)
psfig: searching /csuna/home/richardd/papers/postscript/gpx.ps for bounding box

psfig: including /csuna/home/richardd/papers/postscript/gpx.ps 
[1

] [2]
psfig: searching /csuna/home/richardd/papers/postscript/gpsymbreg.ps for boundi
ng box
psfig: including /csuna/home/richardd/papers/postscript/gpsymbreg.ps 
[3] [4] (iot93.bbl [5]) [6] (iot93.aux) ) 
Here is how much of TeX's memory you used:
 864 strings out of 4213
 12852 string characters out of 53072
 45757 words of memory out of 262141
 2935 multiletter control sequences out of 9500
 43176 words of font info for 110 fonts, out of 72000 for 255
 16 hyphenation exceptions out of 607
 17i,8n,18p,665b,213s stack positions out of 300i,40n,60p,3000b,4000s

Output written on iot93.dvi (6 pages, 20560 bytes).
