 0  0.000
 35000  0.076
 35000  0.076
 70000  0.002
 0  0.000
 0  0.000
 35000  0.067
 35000  0.067
 70000  0.002
 0  0.000
 0  0.000
 32146  0.050
 32146  0.050
 67146  0.001
 0  0.000
 0  0.000
 32174  0.050
 32174  0.050
 67174  0.002
 0  0.000
 0  0.000
 35000  0.095
 35000  0.095
 70000  0.003
 0  0.000
 0  0.000
 33216  0.050
 33216  0.050
 68216  0.002
 0  0.000
 0  0.000
 35000  0.060
 35000  0.060
 70000  0.002
 0  0.000
 0  0.000
 30515  0.050
 30515  0.050
 65515  0.001
 0  0.000
 0  0.000
 35000  0.062
 35000  0.062
 70000  0.002
 0  0.000
 0  0.000
 35000  0.078
 35000  0.078
 70000  0.002
