Error set for 303a-13 (runs with noise, testing on 111x1)

[- - 1 1 1]
[- - - - -]
[- - - - 1]
[- - - - -]
[- = = = =]
[- = = = =]
[- - 2 1 1]
[- - - - -]
[- - - 2 -]
[- - - - -]
[- - - - -]
[- - - - -]
[SMU PSH JTR MUL JAS UNI IAC ITC JTR MUL JAS RDC UNI ITC JTR MUL JAS JAS
     RDC UNI UNI TNC JTR MUL JAS ADD DWN UNI UNI IAC TNC MUL MUL RDC
     UNI UNI DON]

[- - 1 1 1]
[- - - - -]
[- - 1 - 1]
[- - - - -]
[- = = = =]
[- = = = =]
[- - - 1 1]
[- - - - -]
[- - - - -]
[- - - - -]
[- - - - -]
[- - - - -]
[SMU PSH JTR MUL JAS UNI IAC ITC JTR MUL JAS RDC UNI ITC JTR MUL DWN RDC
     UNI DON]

[- - 1 1 1]
[- - - - -]
[- - - - 1]
[- - - - -]
[- = = = =]
[- = = = =]
[- - 1 1 1]
[- - - - -]
[- - - - -]
[- - - - -]
[- - - - -]
[- - - - -]
[SMU PSH JTR MUL JAS UNI IAC ITC JTR MUL JAS RDC UNI IAC TNC JTR MUL JAS
     RDC UNI DON]

[- - 1 1 1]
[- - - - -]
[- - - - 1]
[- - - - -]
[- = = = =]
[- = = = =]
[- - - 2 1]
[- - - - -]
[- - - - -]
[- - - - -]
[- - - - -]
[- - - - -]
[SMU PSH JTR MUL JAS UNI IAC ITC JTR MUL JAS RDC UNI ITC TNC JTR MUL JAS
     ADD RDC UNI UNI TNC JTR MUL DWN RDC RDC DON]

Correct
[SMU PSH JTR MUL JAS UNI IAC ITC JTR MUL JAS RDC UNI IAC ITC JTR MUL JAS
     RDC UNI DON]

[- - 1 1 1]
[- - - - -]
[- - - - 1]
[- - - - -]
[- = = = =]
[- = = = =]
[- - - 1 1]
[- - - - -]
[- - - - -]
[- - - - -]
[- - - - -]
[- - - - -]
[SMU PSH JTR MUL JAS UNI IAC ITC JTR MUL JAS RDC UNI ITC TNC DWN MUL DON]

[- - 1 1 1]
[- - - - -]
[- - - 1 1]
[- - - - -]
[- = = = =]
[- = = = =]
[- - 1 1 1]
[- - - - -]
[- - - - -]
[- - - - -]
[- - - - -]
[- - - - -]
[SMU PSH JTR MUL JAS UNI IAC ITC JTR MUL JAS RDC UNI IAC JTR MUL DWN RDC
     RDC UNI ITC TNC JTR MUL JAS RDC UNI DON]
