This is TeX, C Version 3.14t3 (format=lplain 92.3.12)  29 AUG 1993 18:20
**abstract
(abstract.tex
LaTeX Version 2.09 <14 January 1992>
(/csuna/home/richardd/tex/inputs/new/rzdthesis.sty
RZDTHESIS.STY, 11 Dec 1992
(/usr/local/lib/tex/inputs/report.sty
Standard Document Style `report' <14 Jan 92>.
(/usr/local/lib/tex/inputs/rep11.sty)
\descriptionmargin=\dimen99
\c@part=\count79
\c@chapter=\count80
\c@section=\count81
\c@subsection=\count82
\c@subsubsection=\count83
\c@paragraph=\count84
\c@subparagraph=\count85
\c@figure=\count86
\c@table=\count87
 (/usr/local/lib/tex/inputs/titlepag.sty
Document Style Option `titlepage' -- Released 16 June 1991.
)) (/csuna/home/richardd/tex/inputs/new/doublespace.sty)
(/usr/local/lib/tex/inputs/pspalat.sty (/usr/local/lib/tex/inputs/psfont.sty
\main@font@x@height=\dimen100
\aadimen=\dimen101
)
(palatino scaled 1002)) (/usr/local/lib/tex/inputs/pstimesm.sty
\atcatcode=\count88

(/usr/local/lib/tex/inputs/mtmacs.tex) (/usr/local/lib/tex/inputs/pstimes.sty
(times scaled 1046))
\cal@group=\mathgroup11
) (/usr/local/lib/tex/inputs/a4.sty
\mainfontsize=\dimen102
)
(/csuna/home/richardd/tex/inputs/new/fancyboxlib.sty
Fancy box library -- some sections commented-out
(/usr/local/lib/tex/inputs/fancybox.sty
Style option: `fancybox' v1.0 <93/02/10> (tvz)
\@fancybox=\box25
\@tempdimc=\dimen103
\shadowsize=\dimen104
\@Sbox=\box26
\do@VerbBox=\toks14
\the@fancyput=\toks15
\this@fancyput=\toks16
\EndVerbatimTokens=\toks17
\Verbatim@Outfile=\write3
\Verbatim@Infile=\read0
)
\ftmpbox=\box27
\ftmpwd=\skip41
) (/csuna/home/richardd/tex/inputs/new/rzdthesis.con
(/usr/local/lib/tex/inputs/psfig.sty
\@unused=\write4

psfig/tex 1.9
\ps@stream=\read1
\p@intvaluex=\dimen105
\p@intvaluey=\dimen106
) (/csuna/home/richardd/tex/inputs/arithprob.sty)
(/csuna/home/richardd/tex/inputs/bugs.sty
BUGS
) (/csuna/home/richardd/tex/inputs/psy.sty
PSY Optional Style, Version 1.1 (11/92)
(/usr/local/lib/tex/inputs/theapa.sty
APA Citation (& Optional APA Heading) Style - Version 2.5.1 (5/92)
\bibleftmargin=\skip42
\b@level@one@skip=\skip43
\e@level@one@skip=\skip44
\b@level@two@skip=\skip45
\e@level@two@skip=\skip46
\b@level@three@skip=\skip47
\e@level@three@skip=\skip48
\b@level@four@skip=\skip49
\e@level@four@skip=\skip50
\b@level@five@skip=\skip51
\e@level@five@skip=\skip52
\c@APAenum=\count89
\@text@par@indent=\skip53
\UL@hyphenbox=\box28
\UL@box=\box29
\UL@spfactor=\count90
\UL@penalty=\count91
\UL@skip=\skip54
\UL@lht=\dimen107
\UL@ldp=\dimen108
\UL@pixel=\dimen109
)) (/usr/local/lib/tex/inputs/rot.sty
\@rotdimen=\dimen110
) (/usr/local/lib/tex/inputs/alltt.sty)
(/usr/local/lib/tex/inputs/dectab.sty
Document Style Option `dectab', version April 27, 1991
\@Ldec=\dimen111
\@Rdec=\dimen112
))) (title.tex) (abstract.aux) [1

] (abstract.aux) ) 
Here is how much of TeX's memory you used:
 1131 strings out of 4213
 15624 string characters out of 53072
 46915 words of memory out of 262141
 3195 multiletter control sequences out of 9500
 45880 words of font info for 115 fonts, out of 72000 for 255
 16 hyphenation exceptions out of 607
 17i,4n,16p,386b,181s stack positions out of 300i,40n,60p,3000b,4000s

Output written on abstract.dvi (1 page, 4368 bytes).
