;;; LOADING /csuna/home/richardd/pop/pdp3/pdp3.p
;;; LOADING /csuna/home/richardd/pop/lib/stringtolist.p
;;; LOADING /csuna/home/richardd/pop/lib/stringtovector.p
;;; LOADING /csuna/home/richardd/pop/lib/sysio.p
;;; LOADING /csuna/home/richardd/pop/pdp3/pdp3_utils.p
;;; LOADING /csuna/home/richardd/pop/pdp3/pdp3_getweights.p
;;; LOADING /csuna/home/richardd/pop/pdp3/pdp3_getpatterns.p
;;; LOADING /csuna/home/richardd/pop/pdp3/pdp3_activate.p
;;; LOADING /csuna/home/richardd/pop/pdp3/pdp3_cascade.p
;;; LOADING /csuna/home/richardd/pop/pdp3/pdp3_recordunits.p
;;; LOADING /csuna/home/richardd/pop/pdp3/pdp3_performance.p
;;; LOADING read_rt.p
;;; LOADING threshold_errors.p
;;; LOADING latex_matrix.p
;;; LOADING c_errrt.p
;;; LOADING product_ZERO.p
...?...0...1...2...3...4...5...6...7...8...9..10..12..14..15..16..18..20..21..
	24..25..27..28..30..32..35..36..40..42..45..48..49..54..56..63..64..72
	..81
;;; LOADING zero_rt_cor.p
;;; LOADING Structured_variables.p
;;; LOADING product_10-12.p
...?...0...1...2...3...4...5...6...7...8...9..10..11..12..14..15..16..18..20..
	21..22..24..25..27..28..30..32..33..35..36..40..42..44..45..48..49..50
	..54..55..56..60..63..64..66..70..72..77..80..81..84..88..90..96..99.1
	00.108.110.120.121.132.144


** [~/marith/weights/12_prob- 1 - 10 min 0.4 Max 0.9 and 25 blocks]
** [now starting 1]
** [Classify 100.0 per cent with tss 0.499901]


   ------------- WARNING ----------------
4 correct product(s) did not exceed the 
threshold within 100 steps.

** [zeros in ~/marith/weights/12_prob- 1]
** [now starting 2]
** [Classify 100.0 per cent with tss 0.499895]


   ------------- WARNING ----------------
11 correct product(s) did not exceed the 
threshold within 100 steps.

** [zeros in ~/marith/weights/12_prob- 2]
** [now starting 3]
** [Classify 100.0 per cent with tss 0.499902]


   ------------- WARNING ----------------
11 correct product(s) did not exceed the 
threshold within 100 steps.

** [now starting 4]
** [Classify 100.0 per cent with tss 0.499905]


   ------------- WARNING ----------------
12 correct product(s) did not exceed the 
threshold within 100 steps.

** [now starting 5]
** [Classify 100.0 per cent with tss 0.499884]


   ------------- WARNING ----------------
23 correct product(s) did not exceed the 
threshold within 100 steps.

** [now starting 6]
** [Classify 100.0 per cent with tss 0.499865]


   ------------- WARNING ----------------
8 correct product(s) did not exceed the 
threshold within 100 steps.

** [now starting 7]
** [Classify 100.0 per cent with tss 0.499905]


   ------------- WARNING ----------------
3 correct product(s) did not exceed the 
threshold within 100 steps.

** [zeros in ~/marith/weights/12_prob- 7]
** [now starting 8]
** [Classify 100.0 per cent with tss 0.49992]


   ------------- WARNING ----------------
27 correct product(s) did not exceed the 
threshold within 100 steps.

** [zeros in ~/marith/weights/12_prob- 8]
** [now starting 9]
** [Classify 100.0 per cent with tss 0.499858]


   ------------- WARNING ----------------
5 correct product(s) did not exceed the 
threshold within 100 steps.

** [zeros in ~/marith/weights/12_prob- 9]
** [now starting 10]
** [Classify 100.0 per cent with tss 0.499902]


   ------------- WARNING ----------------
6 correct product(s) did not exceed the 
threshold within 100 steps.

** [zeros in ~/marith/weights/12_prob- 10]


plot_list([14.7 16.8 16.9 19.0 15.5 17.4 16.6 19.7 18.1 17.8 15.9 16.7
	 16.3 17.2 34.7 31.4444 30.0 31.4444 26.7 36.5 29.7 36.7 33.8 31.2
	 25.5 32.9 18.0 30.8889 21.4 27.4444 28.3 32.1 26.9 28.1 27.0 32.9
	 30.5 28.6 29.0 20.1 30.0 27.7778 25.4 30.6 29.1 32.9 24.9 29.9
	 26.2 27.8 26.6 29.4444 16.0 36.0 28.7 29.6 26.8 29.1 29.7778 27.9
	 35.0 30.0 27.1111 29.3 29.5 17.9 27.1 32.7 27.6667 29.0 23.6 28.3
	 26.5 33.1 28.4 31.0 26.4 29.6 16.8 36.8 28.8 33.4 30.4444 28.5
	 27.4 26.9 27.3 31.8 28.9 28.0 32.9 20.9 30.1 29.3 25.7 29.5 26.6
	 27.6 26.6 24.4 28.0 28.8 29.4 24.8 19.2 35.8 28.3 31.3 34.9 33.6
	 27.9 24.4 27.5 29.2 31.1111 29.4 31.7 18.4 35.3 35.3 26.4 31.0
	 27.7 31.9 28.4 29.0 27.0 28.6 30.5 30.5 16.6 31.5 31.4 28.3 29.8
	 32.0 28.7 28.3 31.0 28.5 23.9 29.9 34.4 17.5 25.7 29.1 26.5 28.7
	 27.4 28.6 28.8 29.5 30.3 29.8 28.9 29.8 16.5 34.0 30.0 28.4444
	 29.0 29.6 32.4 24.8 31.7 30.2 34.3 29.8 29.6]);


Total of 2695 errors (tokens),  17.97% of which...
Operand errors           2515.00  93.32%
Operand distance effect  2004.00  74.36%
High frequency            607.00  24.14%
Table errors               70.00   2.60%
Operation errors           30.00   1.11%
Omission errors           110.00   4.08%
0xN = N                     0.00   0.00%
Tie error                  61.00   2.26%

** [RT and prob . err . count]
** [r= 0.542635 p( 167 )= 0.0]

Correlations to structure variables
Sum     ** [r= 0.267305 p( 98 )= 0.003588]
Product ** [r= 0.186248 p( 98 )= 0.031774]
Min     ** [r= 0.234024 p( 98 )= 0.009553]
Max     ** [r= 0.227807 p( 98 )= 0.011319]
Sum     ** [r= 0.267305 p( 98 )= 0.003588]

** [Correlation for 0 x0 to 9 x9 problems , only]
Harley       r =   0.23707 p = 0.008779
Miller       r =   0.32837 p = 0.000426
Miller (unad r =   0.15287 p = 0.064452

;;; DECLARING VARIABLE N_problems
;;; DECLARING VARIABLE First_multiplier
;;; DECLARING VARIABLE Last_multiplier
;;; DECLARING VARIABLE product_list
;;; DECLARING VARIABLE N_tables
;;; DECLARING VARIABLE N_products
;;; DECLARING VARIABLE epc
;;; DECLARING VARIABLE cE
;;; DECLARING VARIABLE pec
;;; DECLARING VARIABLE little_r
