 0  0.000  0.000
 1073  0.248 100.000
 1073  0.248 100.000
 1079  0.590 100.000
 1079  0.590 100.000
 2551  0.640 100.000
 2551  0.640 100.000
 3339  0.581 100.000
 3339  0.581 100.000
 4718  0.474 100.000
 4718  0.474 100.000
 6012  0.688 100.000
 6012  0.688 100.000
 6483  0.781 100.000
 6483  0.781 100.000
 6840  1.220 100.000
 6840  1.220 100.000
 7820  0.924 100.000
 7820  0.924 100.000
 8423  1.079 100.000
 8423  1.079 100.000
 10746  0.893 100.000
 10746  0.893 100.000
 10888  1.477 100.000
 10888  1.477 100.000
 13146  1.067 100.000
 13146  1.067 100.000
 13595  1.484 100.000
 13595  1.484 100.000
 13819  2.215 100.000
 13819  2.215 100.000
 13844  3.367 100.000
 13844  3.367 100.000
 17657  2.478 100.000
 17657  2.478 100.000
 21259  2.833 100.000
 21259  2.833 100.000
 29259 143.727 63.699
 29259 143.727 63.699
 34919 13.419 100.000
 34919 13.419 100.000
 42919 424.485 19.534
 42919 424.485 19.534
