 0  0.000  0.000
 662  0.266 100.000
 662  0.266 100.000
 672  0.622 100.000
 672  0.622 100.000
 2091  0.533 100.000
 2091  0.533 100.000
 2403  0.663 100.000
 2403  0.663 100.000
 3361  0.573 100.000
 3361  0.573 100.000
 4497  0.752 100.000
 4497  0.752 100.000
 5641  0.587 100.000
 5641  0.587 100.000
 5787  1.210 100.000
 5787  1.210 100.000
 6131  1.393 100.000
 6131  1.393 100.000
 6585  1.354 100.000
 6585  1.354 100.000
 8185  1.021 100.000
 8185  1.021 100.000
 8276  1.745 100.000
 8276  1.745 100.000
 9907  1.146 100.000
 9907  1.146 100.000
 10229  1.548 100.000
 10229  1.548 100.000
 10482  2.056 100.000
 10482  2.056 100.000
 10528  2.792 100.000
 10528  2.792 100.000
 18528 14.571 96.012
 18528 14.571 96.012
