 0  0.000  0.000
 466  0.241 100.000
 466  0.241 100.000
 480  0.519 100.000
 480  0.519 100.000
 1220  0.534 100.000
 1220  0.534 100.000
 1501  0.557 100.000
 1501  0.557 100.000
 2140  0.516 100.000
 2140  0.516 100.000
 2872  0.655 100.000
 2872  0.655 100.000
 3256  0.626 100.000
 3256  0.626 100.000
 3463  1.950 100.000
 3463  1.950 100.000
 3805  1.087 100.000
 3805  1.087 100.000
 3910  2.000 100.000
 3910  2.000 100.000
 4905  1.298 100.000
 4905  1.298 100.000
 4973  1.937 100.000
 4973  1.937 100.000
 6339  1.264 100.000
 6339  1.264 100.000
 6480  2.521 100.000
 6480  2.521 100.000
 6912  3.124 100.000
 6912  3.124 100.000
 6996  2.868 100.000
 6996  2.868 100.000
 9291  3.343 100.000
 9291  3.343 100.000
 17291 117.108 64.660
 17291 117.108 64.660
 25291 444.875  0.913
 25291 444.875  0.913
 33291 484.227  4.435
 33291 484.227  4.435
