 0  0.000  0.000
 5650  0.247 100.000
 5650  0.247 100.000
 5934  0.490 100.000
 5934  0.490 100.000
 11751  0.789 100.000
 11751  0.789 100.000
 14118  0.814 100.000
 14118  0.814 100.000
 20937  0.720 100.000
 20937  0.720 100.000
 28105  0.736 100.000
 28105  0.736 100.000
 29858  0.788 100.000
 29858  0.788 100.000
 32411  1.070 100.000
 32411  1.070 100.000
 36971  0.976 100.000
 36971  0.976 100.000
 40044  0.897 100.000
 40044  0.897 100.000
 48044  1.264 99.061
 48044  1.264 99.061
 49720  1.313 100.000
 49720  1.313 100.000
 57720  1.107 99.578
 57720  1.107 99.578
 61695  1.292 100.000
 61695  1.292 100.000
 62906  1.699 100.000
 62906  1.699 100.000
 62984  2.294 100.000
 62984  2.294 100.000
 70984  2.898 98.773
 70984  2.898 98.773
 78984  4.195 99.215
 78984  4.195 99.215
 86984  3.002 99.772
 86984  3.002 99.772
 92741  2.889 100.000
 92741  2.889 100.000
 97777  3.012 100.000
 97777  3.012 100.000
 105777  9.362 99.351
 105777  9.362 99.351
 110191  5.033 100.000
 110191  5.033 100.000
 110192  5.845 100.000
 110192  5.845 100.000
 114920  6.355 100.000
 114920  6.355 100.000
 116282  7.280 100.000
 116282  7.280 100.000
 116283  7.952 100.000
 116283  7.952 100.000
 117971  7.951 100.000
 117971  7.951 100.000
