 0  0.000  0.000
 4564  0.250 100.000
 4564  0.250 100.000
 4628  0.576 100.000
 4628  0.576 100.000
 12628  0.460 97.368
 12628  0.460 97.368
 15066  0.461 100.000
 15066  0.461 100.000
 21787  0.520 100.000
 21787  0.520 100.000
 28350  0.671 100.000
 28350  0.671 100.000
 33061  0.632 100.000
 33061  0.632 100.000
 34138  1.167 100.000
 34138  1.167 100.000
 37206  1.058 100.000
 37206  1.058 100.000
 39470  1.212 100.000
 39470  1.212 100.000
 47470  1.374 99.061
 47470  1.374 99.061
 48967  1.526 100.000
 48967  1.526 100.000
 56967  1.287 99.156
 56967  1.287 99.156
 60072  1.444 100.000
 60072  1.444 100.000
 61018  1.968 100.000
 61018  1.968 100.000
 61032  2.859 100.000
 61032  2.859 100.000
 69032  3.695 98.160
 69032  3.695 98.160
 77032  3.444 99.476
 77032  3.444 99.476
 82322  3.627 100.000
 82322  3.627 100.000
 84926  4.136 100.000
 84926  4.136 100.000
 88183  4.265 100.000
 88183  4.265 100.000
 91277  4.987 100.000
 91277  4.987 100.000
 91278  6.206 100.000
 91278  6.206 100.000
 91387  8.873 100.000
 91387  8.873 100.000
 99387  4.856 99.753
 99387  4.856 99.753
 99754  6.423 100.000
 99754  6.423 100.000
 99755  7.098 100.000
 99755  7.098 100.000
 107755 208.162 75.579
 107755 208.162 75.579
 115755 413.269 59.689
