 0  0.000  0.000
 1425  0.289 100.000
 1425  0.289 100.000
 1508  0.561 100.000
 1508  0.561 100.000
 3842  0.496 100.000
 3842  0.496 100.000
 4460  0.572 100.000
 4460  0.572 100.000
 5983  0.541 100.000
 5983  0.541 100.000
 7832  0.669 100.000
 7832  0.669 100.000
 8812  0.682 100.000
 8812  0.682 100.000
 9321  1.202 100.000
 9321  1.202 100.000
 10467  1.059 100.000
 10467  1.059 100.000
 11484  0.927 100.000
 11484  0.927 100.000
 14771  0.798 100.000
 14771  0.798 100.000
 15130  1.230 100.000
 15130  1.230 100.000
 18538  0.902 100.000
 18538  0.902 100.000
 19222  1.238 100.000
 19222  1.238 100.000
 19507  1.745 100.000
 19507  1.745 100.000
 19567  2.378 100.000
 19567  2.378 100.000
 25781  1.532 100.000
 25781  1.532 100.000
 28991  2.249 100.000
 28991  2.249 100.000
 32004  4.828 100.000
 32004  4.828 100.000
 33602  5.087 100.000
 33602  5.087 100.000
 33766  5.373 100.000
 33766  5.373 100.000
 35633  5.912 100.000
 35633  5.912 100.000
 35691 11.835 100.000
 35691 11.835 100.000
 35745 14.481 100.000
 35745 14.481 100.000
 43745 673.252 12.361
 43745 673.252 12.361
