 0  0.000  0.000
 5084  0.246 100.000
 5084  0.246 100.000
 5117  0.581 100.000
 5117  0.581 100.000
 12102  0.601 100.000
 12102  0.601 100.000
 14340  0.736 100.000
 14340  0.736 100.000
 22057  0.543 100.000
 22057  0.543 100.000
 29635  0.671 100.000
 29635  0.671 100.000
 34187  0.662 100.000
 34187  0.662 100.000
 36179  1.057 100.000
 36179  1.057 100.000
 39823  1.084 100.000
 39823  1.084 100.000
 43721  0.869 100.000
 43721  0.869 100.000
 52382  1.130 100.000
 52382  1.130 100.000
 52900  1.741 100.000
 52900  1.741 100.000
 62900  1.340 99.578
 62900  1.340 99.578
 64916  1.738 100.000
 64916  1.738 100.000
 66202  2.231 100.000
 66202  2.231 100.000
 66276  2.855 100.000
 66276  2.855 100.000
 76276  3.301 98.466
 76276  3.301 98.466
 86202  3.490 100.000
 86202  3.490 100.000
 92377  3.943 100.000
 92377  3.943 100.000
 98520  3.773 100.000
 98520  3.773 100.000
 99353  4.919 100.000
 99353  4.919 100.000
 106280  4.528 100.000
 106280  4.528 100.000
 106281  5.391 100.000
 106281  5.391 100.000
 106349  6.887 100.000
 106349  6.887 100.000
 106970 10.844 100.000
 106970 10.844 100.000
 108981  7.105 100.000
 108981  7.105 100.000
 108982  7.754 100.000
 108982  7.754 100.000
