 0  0.000  0.000
 6623  0.122 100.000
 6623  0.122 100.000
 7983  0.141 100.000
 7983  0.141 100.000
 21684  0.212 100.000
 21684  0.212 100.000
 28602  0.203 100.000
 28602  0.203 100.000
 42792  0.244 100.000
 42792  0.244 100.000
 59076  0.271 100.000
 59076  0.271 100.000
 65215  0.313 100.000
 65215  0.313 100.000
 70212  0.421 100.000
 70212  0.421 100.000
 73485  0.616 100.000
 73485  0.616 100.000
 76225  0.648 100.000
 76225  0.648 100.000
 95823  0.483 100.000
 95823  0.483 100.000
 97528  0.754 100.000
 97528  0.754 100.000
 117528  0.674 99.578
 117528  0.674 99.578
 129195  0.538 100.000
 129195  0.538 100.000
 139655  0.490 100.000
 139655  0.490 100.000
 139909  0.674 100.000
 139909  0.674 100.000
 159909  1.604 98.466
 159909  1.604 98.466
 179909  1.372 99.215
 179909  1.372 99.215
 199909  1.488 99.543
 199909  1.488 99.543
 215107  1.660 100.000
 215107  1.660 100.000
 216586  1.960 100.000
 216586  1.960 100.000
 236586 12.447 88.636
 236586 12.447 88.636
 256586  2.782 99.408
 256586  2.782 99.408
 276586 34.458 75.946
 276586 34.458 75.946
