 0  0.000  0.000
 3863  0.425 100.000
 3863  0.425 100.000
 3971  0.864 100.000
 3971  0.864 100.000
 10627  0.753 100.000
 10627  0.753 100.000
 12161  0.952 100.000
 12161  0.952 100.000
 15858  0.954 100.000
 15858  0.954 100.000
 19071  1.447 100.000
 19071  1.447 100.000
 20529  1.504 100.000
 20529  1.504 100.000
 22752  1.854 100.000
 22752  1.854 100.000
 24828  2.026 100.000
 24828  2.026 100.000
 26186  2.092 100.000
 26186  2.092 100.000
 33905  1.412 100.000
 33905  1.412 100.000
 34503  2.293 100.000
 34503  2.293 100.000
 40367  1.826 100.000
 40367  1.826 100.000
 41700  2.579 100.000
 41700  2.579 100.000
 42050  3.604 100.000
 42050  3.604 100.000
 42056  5.089 100.000
 42056  5.089 100.000
 53304  2.631 100.000
 53304  2.631 100.000
 60528  2.801 100.000
 60528  2.801 100.000
 63555  3.606 100.000
 63555  3.606 100.000
 65281  4.214 100.000
 65281  4.214 100.000
 66822  4.661 100.000
 66822  4.661 100.000
 67926  6.925 100.000
 67926  6.925 100.000
 68031  9.538 100.000
 68031  9.538 100.000
 68032 11.490 100.000
 68032 11.490 100.000
 73350 10.128 100.000
 73350 10.128 100.000
 75640  9.345 100.000
 75640  9.345 100.000
 75641 10.085 100.000
 75641 10.085 100.000
 95641 756.802 17.954
 95641 756.802 17.954
