 0  0.000  0.000
 3401  0.230 100.000
 3401  0.230 100.000
 3471  0.512 100.000
 3471  0.512 100.000
 8921  0.491 100.000
 8921  0.491 100.000
 11036  0.444 100.000
 11036  0.444 100.000
 15078  0.484 100.000
 15078  0.484 100.000
 19065  0.808 100.000
 19065  0.808 100.000
 20549  0.867 100.000
 20549  0.867 100.000
 22445  1.160 100.000
 22445  1.160 100.000
 24255  1.067 100.000
 24255  1.067 100.000
 25421  1.219 100.000
 25421  1.219 100.000
 30415  1.029 100.000
 30415  1.029 100.000
 30804  1.532 100.000
 30804  1.532 100.000
 37630  0.867 100.000
 37630  0.867 100.000
 38737  1.222 100.000
 38737  1.222 100.000
 39097  1.883 100.000
 39097  1.883 100.000
 39557  1.941 100.000
 39557  1.941 100.000
 48557  1.926 99.693
 48557  1.926 99.693
 55794  2.176 100.000
 55794  2.176 100.000
 59245  2.589 100.000
 59245  2.589 100.000
 61084  3.040 100.000
 61084  3.040 100.000
 61729  4.159 100.000
 61729  4.159 100.000
 70729  2.734 99.838
 70729  2.734 99.838
 70963  3.099 100.000
 70963  3.099 100.000
 70966  3.673 100.000
 70966  3.673 100.000
 79966  3.401 99.876
 79966  3.401 99.876
 88966 102.323 88.549
 88966 102.323 88.549
 97966 281.209 65.935
 97966 281.209 65.935
 106966 679.184 26.448
 106966 679.184 26.448
 115966 932.786 10.208
