 0  0.000  0.000
 4244  0.279 100.000
 4244  0.279 100.000
 4340  0.597 100.000
 4340  0.597 100.000
 10910  0.751 100.000
 10910  0.751 100.000
 12660  0.994 100.000
 12660  0.994 100.000
 19846  0.895 100.000
 19846  0.895 100.000
 28019  0.873 100.000
 28019  0.873 100.000
 31108  0.943 100.000
 31108  0.943 100.000
 33866  1.218 100.000
 33866  1.218 100.000
 38786  1.039 100.000
 38786  1.039 100.000
 44797  0.838 100.000
 44797  0.838 100.000
 54797  1.044 99.531
 54797  1.044 99.531
 56578  1.412 100.000
 56578  1.412 100.000
