 0  0.000  0.000
 4616  0.240 100.000
 4616  0.240 100.000
 4758  0.503 100.000
 4758  0.503 100.000
 12178  0.607 100.000
 12178  0.607 100.000
 15126  0.616 100.000
 15126  0.616 100.000
 21260  0.597 100.000
 21260  0.597 100.000
 26941  0.920 100.000
 26941  0.920 100.000
 31188  0.752 100.000
 31188  0.752 100.000
 34154  1.046 100.000
 34154  1.046 100.000
 36859  1.112 100.000
 36859  1.112 100.000
 40501  0.892 100.000
 40501  0.892 100.000
 50501  0.967 99.531
 50501  0.967 99.531
 51290  1.436 100.000
 51290  1.436 100.000
 58947  1.303 100.000
 58947  1.303 100.000
 62856  1.650 100.000
 62856  1.650 100.000
 64461  2.212 100.000
 64461  2.212 100.000
 64641  3.105 100.000
 64641  3.105 100.000
 74641  2.808 98.773
 74641  2.808 98.773
 83897  3.264 100.000
 83897  3.264 100.000
 87457  3.774 100.000
 87457  3.774 100.000
 94258  5.290 100.000
 94258  5.290 100.000
 96403  4.394 100.000
 96403  4.394 100.000
 103721  4.697 100.000
 103721  4.697 100.000
 103828  5.390 100.000
 103828  5.390 100.000
 103912  7.276 100.000
