 0  0.000  0.000
 0  0.000  0.000
 150  2.526 99.225
 300  2.354 99.225
 450  2.243 99.225
 600  2.158 99.225
 750  2.088 99.612
 900  2.029 99.612
 1050  1.977 99.612
 1200  1.930 99.612
 1350  1.888 99.612
 1500  1.850 99.612
 1650  1.815 99.612
 1800  1.782 99.612
 1950  1.751 99.612
 2100  1.722 100.000
 2250  1.695 100.000
 2400  1.669 100.000
 2550  1.644 100.000
 2700  1.620 100.000
 2850  1.598 100.000
 3000  1.576 100.000
 3150  1.556 100.000
 3300  1.536 100.000
 3450  1.516 100.000
 3600  1.498 100.000
 3750  1.480 100.000
 3900  1.462 100.000
 4050  1.445 100.000
 4200  1.429 100.000
 4350  1.413 100.000
 4500  1.397 100.000
 4650  1.382 100.000
 4800  1.367 100.000
 4950  1.352 100.000
 5100  1.338 100.000
 5250  1.324 100.000
 5400  1.311 100.000
 5550  1.297 100.000
 5700  1.284 100.000
 5850  1.271 100.000
 6000  1.259 100.000
