 0  0.000  0.000
 0  0.000  0.000
 500 11.100 95.092
 1000  9.540 97.239
 1500  8.471 97.239
 2000  7.765 97.546
 2500  7.221 97.853
 3000  6.757 97.853
 3500  6.350 97.853
 4000  5.992 97.853
 4500  5.678 98.160
 5000  5.404 98.160
 5500  5.162 98.160
 6000  4.942 98.160
 6500  4.730 98.160
 7000  4.471 98.160
 7500  4.162 98.160
 8000  3.912 98.160
 8500  3.716 98.466
 9000  3.556 98.466
 9500  3.420 98.466
 10000  3.301 98.466
 10000  3.301 98.466
 10500  9.864 96.073
 11000  7.636 96.859
 11500  6.747 98.168
 12000  6.189 98.691
 12500  5.775 98.691
 13000  5.445 98.953
 13500  5.170 99.215
 14000  4.935 99.215
 14500  4.709 99.215
 15000  4.493 99.476
 15500  4.322 99.476
 16000  4.221 99.476
 16500  4.063 99.476
 17000  3.932 99.476
 17500  3.869 99.738
 18000  3.773 99.738
 18500  3.676 99.738
 19000  3.586 99.738
 19500  3.500 99.738
 20000  3.420 99.738
