 0  0.000  0.000
 0  0.000  0.000
 200 13.251 93.558
 400 11.606 94.785
 600 10.695 95.706
 800 10.060 96.933
 1000  9.540 97.239
 1200  9.063 97.239
 1400  8.647 97.239
 1600  8.309 97.239
 1800  8.020 97.239
 2000  7.765 97.546
 2200  7.534 97.546
 2400  7.322 97.853
 2600  7.123 97.853
 2800  6.935 97.853
 3000  6.757 97.853
 3200  6.588 97.853
 3400  6.427 97.853
 3600  6.275 97.853
 3800  6.129 97.853
 4000  5.992 97.853
 4200  5.861 97.853
 4400  5.737 98.160
 4600  5.620 98.160
 4800  5.509 98.160
 5000  5.404 98.160
 5200  5.303 98.160
 5400  5.208 98.160
 5600  5.116 98.160
 5800  5.028 98.160
 6000  4.942 98.160
 6200  4.858 98.160
 6400  4.773 98.160
 6600  4.685 98.160
 6800  4.586 98.160
 7000  4.471 98.160
 7200  4.344 98.160
 7400  4.220 98.160
 7600  4.107 98.160
 7800  4.005 98.160
 8000  3.912 98.160
 8200  3.829 98.466
 8400  3.752 98.466
 8600  3.682 98.466
 8800  3.617 98.466
 9000  3.556 98.466
 9200  3.499 98.466
 9400  3.446 98.466
 9600  3.395 98.466
 9800  3.347 98.466
 10000  3.301 98.466
 10000  3.301 98.466
 10200 12.604 94.503
 10400 10.551 95.550
 10600  9.277 96.335
 10800  8.281 96.335
 11000  7.636 96.859
 11200  7.214 97.644
 11400  6.888 98.168
 11600  6.619 98.429
 11800  6.389 98.429
 12000  6.189 98.691
 12200  6.010 98.691
 12400  5.850 98.691
 12600  5.703 98.691
 12800  5.569 98.953
 13000  5.445 98.953
 13200  5.329 99.215
 13400  5.221 99.215
 13600  5.120 99.215
 13800  5.025 99.215
 14000  4.935 99.215
 14200  4.893 99.215
 14400  4.787 99.215
 14600  4.656 99.215
 14800  4.570 99.215
 15000  4.493 99.476
 15200  4.421 99.476
 15400  4.354 99.476
 15600  4.290 99.476
 15800  4.356 99.215
 16000  4.221 99.476
 16200  4.151 99.476
 16400  4.091 99.476
 16600  4.036 99.476
 16800  3.983 99.476
 17000  3.932 99.476
 17200  3.889 99.476
 17400  3.920 99.738
 17600  3.853 99.738
 17800  3.813 99.738
 18000  3.773 99.738
 18200  3.733 99.738
 18400  3.695 99.738
 18600  3.658 99.738
 18800  3.621 99.738
 19000  3.586 99.738
 19200  3.551 99.738
 19400  3.517 99.738
 19600  3.484 99.738
 19800  3.451 99.738
 20000  3.420 99.738
