 0  0.000  0.000
 0  0.000  0.000
 60  7.138 99.194
 120  6.253 99.597
 180  5.983 99.597
 240  6.400 99.597
 300  5.927 99.597
 360  5.763 99.597
 420  5.650 99.395
 480  7.919 99.395
 540  5.741 99.395
 600  5.569 99.395
 660  5.470 99.395
 720  5.392 99.395
 780  5.326 99.395
 840  5.316 99.395
 900  5.228 99.395
 960  5.174 99.395
 1020  5.134 99.395
 1080  5.094 99.395
 1140  5.048 99.395
 1200  5.098 99.395
 1260  5.127 99.395
 1320  5.020 99.395
 1380  5.046 99.395
 1440  5.026 99.395
 1500  4.972 99.395
 1560  4.946 99.395
 1620  4.920 99.395
 1680  4.890 99.395
 1740  4.923 99.597
 1800  5.760 98.992
 1860  4.961 99.395
 1920  4.828 99.395
 1980  4.762 99.395
 2040  4.716 99.395
 2100  4.678 99.395
