 zl 40 zl 8 1 1 0 0 0 9 zl 8 zl 2 zw 1 45 0 zl 2 zw 1 45 zw 1
 45 zl 2 zw 1 45 0 zl 2 zw 1 45 zw 1 45 zl 2 zw 1 61 zw 1 61 zl 2
 zw 1 61 zw 1 61 zl 2 zw 1 45 0 zl 2 zw 1 45 zw 1 45 zl 9 zw 16
 122 101 114 111 95 97 99 99 117 109 117 108 97 116 111 114 zw 18
 97 100 100 95 115 116 97 114 116 95 112 111 115 105 116 105 111
 110 zw 23 97 100 100 95 109 97 114 107 95 116 111 95 97 99 99
 117 109 117 108 97 116 111 114 zw 4 100 111 119 110 zw 23 97
 100 100 95 109 97 114 107 95 116 111 95 97 99 99 117 109 117
 108 97 116 111 114 zw 4 100 111 119 110 zw 4 100 111 119 110
 zw 11 119 114 105 116 101 95 117 110 105 116 115 zw 4 100 111
 110 101 zl 8 1 2 0 10 10 17 zl 8 zl 3 zw 1 45 zw 1 45 0 zl 3
 zw 1 45 zw 1 45 zw 1 45 zl 3 zw 1 45 1 0 zl 3 zw 1 45 zw 1 45
 zw 1 45 zl 3 zw 1 61 zw 1 61 zw 1 61 zl 3 zw 1 61 zw 1 61 zw 1
 61 zl 3 zw 1 45 1 0 zl 3 zw 1 45 zw 1 45 zw 1 45 zl 17 zw 16
 122 101 114 111 95 97 99 99 117 109 117 108 97 116 111 114 zw 18
 97 100 100 95 115 116 97 114 116 95 112 111 115 105 116 105 111
 110 zw 23 97 100 100 95 109 97 114 107 95 116 111 95 97 99 99
 117 109 117 108 97 116 111 114 zw 4 100 111 119 110 zw 23 97
 100 100 95 109 97 114 107 95 116 111 95 97 99 99 117 109 117
 108 97 116 111 114 zw 4 100 111 119 110 zw 4 100 111 119 110
 zw 11 119 114 105 116 101 95 117 110 105 116 115 zw 16 122 101
 114 111 95 97 99 99 117 109 117 108 97 116 111 114 zw 15 116
 111 112 95 110 101 120 116 95 99 111 108 117 109 110 zw 4 100
 111 119 110 zw 23 97 100 100 95 109 97 114 107 95 116 111 95
 97 99 99 117 109 117 108 97 116 111 114 zw 4 100 111 119 110
 zw 4 100 111 119 110 zw 10 114 101 97 100 95 99 97 114 114 121
 zw 11 119 114 105 116 101 95 117 110 105 116 115 zw 4 100 111
 110 101 zl 8 1 3 0 100 100 25 zl 8 zl 4 zw 1 45 zw 1 45 zw 1
 45 0 zl 4 zw 1 45 zw 1 45 zw 1 45 zw 1 45 zl 4 zw 1 45 1 0 0
 zl 4 zw 1 45 zw 1 45 zw 1 45 zw 1 45 zl 4 zw 1 61 zw 1 61 zw 1
 61 zw 1 61 zl 4 zw 1 61 zw 1 61 zw 1 61 zw 1 61 zl 4 zw 1 45
 1 0 0 zl 4 zw 1 45 zw 1 45 zw 1 45 zw 1 45 zl 25 zw 16 122 101
 114 111 95 97 99 99 117 109 117 108 97 116 111 114 zw 18 97 100
 100 95 115 116 97 114 116 95 112 111 115 105 116 105 111 110
 zw 23 97 100 100 95 109 97 114 107 95 116 111 95 97 99 99 117
 109 117 108 97 116 111 114 zw 4 100 111 119 110 zw 23 97 100
 100 95 109 97 114 107 95 116 111 95 97 99 99 117 109 117 108
 97 116 111 114 zw 4 100 111 119 110 zw 4 100 111 119 110 zw 11
 119 114 105 116 101 95 117 110 105 116 115 zw 16 122 101 114
 111 95 97 99 99 117 109 117 108 97 116 111 114 zw 15 116 111
 112 95 110 101 120 116 95 99 111 108 117 109 110 zw 4 100 111
 119 110 zw 23 97 100 100 95 109 97 114 107 95 116 111 95 97 99
 99 117 109 117 108 97 116 111 114 zw 4 100 111 119 110 zw 4 100
 111 119 110 zw 10 114 101 97 100 95 99 97 114 114 121 zw 11 119
 114 105 116 101 95 117 110 105 116 115 zw 16 122 101 114 111
 95 97 99 99 117 109 117 108 97 116 111 114 zw 15 116 111 112
 95 110 101 120 116 95 99 111 108 117 109 110 zw 4 100 111 119
 110 zw 23 97 100 100 95 109 97 114 107 95 116 111 95 97 99 99
 117 109 117 108 97 116 111 114 zw 4 100 111 119 110 zw 4 100
 111 119 110 zw 10 114 101 97 100 95 99 97 114 114 121 zw 11 119
 114 105 116 101 95 117 110 105 116 115 zw 4 100 111 110 101 zl 8
 1 1 1 9 10 12 zl 8 zl 2 zw 1 45 1 zl 2 zw 1 45 zw 1 45 zl 2 zw 1
 45 9 zl 2 zw 1 45 zw 1 45 zl 2 zw 1 61 zw 1 61 zl 2 zw 1 61 zw 1
 61 zl 2 1 0 zl 2 zw 1 45 zw 1 45 zl 12 zw 16 122 101 114 111
 95 97 99 99 117 109 117 108 97 116 111 114 zw 18 97 100 100 95
 115 116 97 114 116 95 112 111 115 105 116 105 111 110 zw 23 97
 100 100 95 109 97 114 107 95 116 111 95 97 99 99 117 109 117
 108 97 116 111 114 zw 4 100 111 119 110 zw 23 97 100 100 95 109
 97 114 107 95 116 111 95 97 99 99 117 109 117 108 97 116 111
 114 zw 4 100 111 119 110 zw 4 100 111 119 110 zw 4 108 101 102
 116 zw 10 119 114 105 116 101 95 116 101 110 115 zw 5 114 105
 103 104 116 zw 11 119 114 105 116 101 95 117 110 105 116 115
 zw 4 100 111 110 101 zl 8 1 2 1 19 20 19 zl 8 zl 3 zw 1 45 zw 1
 45 1 zl 3 zw 1 45 zw 1 45 zw 1 45 zl 3 zw 1 45 1 9 zl 3 zw 1
 45 zw 1 45 zw 1 45 zl 3 zw 1 61 zw 1 61 zw 1 61 zl 3 zw 1 61
 zw 1 61 zw 1 61 zl 3 zw 1 45 2 0 zl 3 zw 1 45 1 zw 1 45 zl 19
 zw 16 122 101 114 111 95 97 99 99 117 109 117 108 97 116 111
 114 zw 18 97 100 100 95 115 116 97 114 116 95 112 111 115 105
 116 105 111 110 zw 23 97 100 100 95 109 97 114 107 95 116 111
 95 97 99 99 117 109 117 108 97 116 111 114 zw 4 100 111 119 110
 zw 23 97 100 100 95 109 97 114 107 95 116 111 95 97 99 99 117
 109 117 108 97 116 111 114 zw 4 100 111 119 110 zw 4 100 111
 119 110 zw 10 109 97 114 107 95 99 97 114 114 121 zw 11 119 114
 105 116 101 95 117 110 105 116 115 zw 16 122 101 114 111 95 97
 99 99 117 109 117 108 97 116 111 114 zw 15 116 111 112 95 110
 101 120 116 95 99 111 108 117 109 110 zw 4 100 111 119 110 zw 23
 97 100 100 95 109 97 114 107 95 116 111 95 97 99 99 117 109 117
 108 97 116 111 114 zw 4 100 111 119 110 zw 4 100 111 119 110
 zw 10 114 101 97 100 95 99 97 114 114 121 zw 23 97 100 100 95
 109 97 114 107 95 116 111 95 97 99 99 117 109 117 108 97 116
 111 114 zw 11 119 114 105 116 101 95 117 110 105 116 115 zw 4
 100 111 110 101 zl 8 1 2 1 99 100 22 zl 8 zl 3 zw 1 45 zw 1 45
 1 zl 3 zw 1 45 zw 1 45 zw 1 45 zl 3 zw 1 45 9 9 zl 3 zw 1 45
 zw 1 45 zw 1 45 zl 3 zw 1 61 zw 1 61 zw 1 61 zl 3 zw 1 61 zw 1
 61 zw 1 61 zl 3 1 0 0 zl 3 zw 1 45 1 zw 1 45 zl 22 zw 16 122
 101 114 111 95 97 99 99 117 109 117 108 97 116 111 114 zw 18
 97 100 100 95 115 116 97 114 116 95 112 111 115 105 116 105 111
 110 zw 23 97 100 100 95 109 97 114 107 95 116 111 95 97 99 99
 117 109 117 108 97 116 111 114 zw 4 100 111 119 110 zw 23 97
 100 100 95 109 97 114 107 95 116 111 95 97 99 99 117 109 117
 108 97 116 111 114 zw 4 100 111 119 110 zw 4 100 111 119 110
 zw 10 109 97 114 107 95 99 97 114 114 121 zw 11 119 114 105 116
 101 95 117 110 105 116 115 zw 16 122 101 114 111 95 97 99 99
 117 109 117 108 97 116 111 114 zw 15 116 111 112 95 110 101 120
 116 95 99 111 108 117 109 110 zw 4 100 111 119 110 zw 23 97 100
 100 95 109 97 114 107 95 116 111 95 97 99 99 117 109 117 108
 97 116 111 114 zw 4 100 111 119 110 zw 4 100 111 119 110 zw 10
 114 101 97 100 95 99 97 114 114 121 zw 23 97 100 100 95 109 97
 114 107 95 116 111 95 97 99 99 117 109 117 108 97 116 111 114
 zw 4 108 101 102 116 zw 10 119 114 105 116 101 95 116 101 110
 115 zw 5 114 105 103 104 116 zw 11 119 114 105 116 101 95 117
 110 105 116 115 zw 4 100 111 110 101 zl 8 1 3 1 109 110 27 zl 8
 zl 4 zw 1 45 zw 1 45 zw 1 45 1 zl 4 zw 1 45 zw 1 45 zw 1 45 zw 1
 45 zl 4 zw 1 45 1 0 9 zl 4 zw 1 45 zw 1 45 zw 1 45 zw 1 45 zl 4
 zw 1 61 zw 1 61 zw 1 61 zw 1 61 zl 4 zw 1 61 zw 1 61 zw 1 61
 zw 1 61 zl 4 zw 1 45 1 1 0 zl 4 zw 1 45 zw 1 45 1 zw 1 45 zl 27
 zw 16 122 101 114 111 95 97 99 99 117 109 117 108 97 116 111
 114 zw 18 97 100 100 95 115 116 97 114 116 95 112 111 115 105
 116 105 111 110 zw 23 97 100 100 95 109 97 114 107 95 116 111
 95 97 99 99 117 109 117 108 97 116 111 114 zw 4 100 111 119 110
 zw 23 97 100 100 95 109 97 114 107 95 116 111 95 97 99 99 117
 109 117 108 97 116 111 114 zw 4 100 111 119 110 zw 4 100 111
 119 110 zw 10 109 97 114 107 95 99 97 114 114 121 zw 11 119 114
 105 116 101 95 117 110 105 116 115 zw 16 122 101 114 111 95 97
 99 99 117 109 117 108 97 116 111 114 zw 15 116 111 112 95 110
 101 120 116 95 99 111 108 117 109 110 zw 4 100 111 119 110 zw 23
 97 100 100 95 109 97 114 107 95 116 111 95 97 99 99 117 109 117
 108 97 116 111 114 zw 4 100 111 119 110 zw 4 100 111 119 110
 zw 10 114 101 97 100 95 99 97 114 114 121 zw 23 97 100 100 95
 109 97 114 107 95 116 111 95 97 99 99 117 109 117 108 97 116
 111 114 zw 11 119 114 105 116 101 95 117 110 105 116 115 zw 16
 122 101 114 111 95 97 99 99 117 109 117 108 97 116 111 114 zw 15
 116 111 112 95 110 101 120 116 95 99 111 108 117 109 110 zw 4
 100 111 119 110 zw 23 97 100 100 95 109 97 114 107 95 116 111
 95 97 99 99 117 109 117 108 97 116 111 114 zw 4 100 111 119 110
 zw 4 100 111 119 110 zw 10 114 101 97 100 95 99 97 114 114 121
 zw 11 119 114 105 116 101 95 117 110 105 116 115 zw 4 100 111
 110 101 zl 8 1 3 1 199 200 29 zl 8 zl 4 zw 1 45 zw 1 45 zw 1
 45 1 zl 4 zw 1 45 zw 1 45 zw 1 45 zw 1 45 zl 4 zw 1 45 1 9 9
 zl 4 zw 1 45 zw 1 45 zw 1 45 zw 1 45 zl 4 zw 1 61 zw 1 61 zw 1
 61 zw 1 61 zl 4 zw 1 61 zw 1 61 zw 1 61 zw 1 61 zl 4 zw 1 45
 2 0 0 zl 4 zw 1 45 1 1 zw 1 45 zl 29 zw 16 122 101 114 111 95
 97 99 99 117 109 117 108 97 116 111 114 zw 18 97 100 100 95 115
 116 97 114 116 95 112 111 115 105 116 105 111 110 zw 23 97 100
 100 95 109 97 114 107 95 116 111 95 97 99 99 117 109 117 108
 97 116 111 114 zw 4 100 111 119 110 zw 23 97 100 100 95 109 97
 114 107 95 116 111 95 97 99 99 117 109 117 108 97 116 111 114
 zw 4 100 111 119 110 zw 4 100 111 119 110 zw 10 109 97 114 107
 95 99 97 114 114 121 zw 11 119 114 105 116 101 95 117 110 105
 116 115 zw 16 122 101 114 111 95 97 99 99 117 109 117 108 97
 116 111 114 zw 15 116 111 112 95 110 101 120 116 95 99 111 108
 117 109 110 zw 4 100 111 119 110 zw 23 97 100 100 95 109 97 114
 107 95 116 111 95 97 99 99 117 109 117 108 97 116 111 114 zw 4
 100 111 119 110 zw 4 100 111 119 110 zw 10 114 101 97 100 95
 99 97 114 114 121 zw 23 97 100 100 95 109 97 114 107 95 116 111
 95 97 99 99 117 109 117 108 97 116 111 114 zw 10 109 97 114 107
 95 99 97 114 114 121 zw 11 119 114 105 116 101 95 117 110 105
 116 115 zw 16 122 101 114 111 95 97 99 99 117 109 117 108 97
 116 111 114 zw 15 116 111 112 95 110 101 120 116 95 99 111 108
 117 109 110 zw 4 100 111 119 110 zw 23 97 100 100 95 109 97 114
 107 95 116 111 95 97 99 99 117 109 117 108 97 116 111 114 zw 4
 100 111 119 110 zw 4 100 111 119 110 zw 10 114 101 97 100 95
 99 97 114 114 121 zw 23 97 100 100 95 109 97 114 107 95 116 111
 95 97 99 99 117 109 117 108 97 116 111 114 zw 11 119 114 105
 116 101 95 117 110 105 116 115 zw 4 100 111 110 101 zl 8 1 3
 1 999 1000 32 zl 8 zl 4 zw 1 45 zw 1 45 zw 1 45 1 zl 4 zw 1 45
 zw 1 45 zw 1 45 zw 1 45 zl 4 zw 1 45 9 9 9 zl 4 zw 1 45 zw 1
 45 zw 1 45 zw 1 45 zl 4 zw 1 61 zw 1 61 zw 1 61 zw 1 61 zl 4
 zw 1 61 zw 1 61 zw 1 61 zw 1 61 zl 4 1 0 0 0 zl 4 zw 1 45 1 1
 zw 1 45 zl 32 zw 16 122 101 114 111 95 97 99 99 117 109 117 108
 97 116 111 114 zw 18 97 100 100 95 115 116 97 114 116 95 112
 111 115 105 116 105 111 110 zw 23 97 100 100 95 109 97 114 107
 95 116 111 95 97 99 99 117 109 117 108 97 116 111 114 zw 4 100
 111 119 110 zw 23 97 100 100 95 109 97 114 107 95 116 111 95
 97 99 99 117 109 117 108 97 116 111 114 zw 4 100 111 119 110
 zw 4 100 111 119 110 zw 10 109 97 114 107 95 99 97 114 114 121
 zw 11 119 114 105 116 101 95 117 110 105 116 115 zw 16 122 101
 114 111 95 97 99 99 117 109 117 108 97 116 111 114 zw 15 116
 111 112 95 110 101 120 116 95 99 111 108 117 109 110 zw 4 100
 111 119 110 zw 23 97 100 100 95 109 97 114 107 95 116 111 95
 97 99 99 117 109 117 108 97 116 111 114 zw 4 100 111 119 110
 zw 4 100 111 119 110 zw 10 114 101 97 100 95 99 97 114 114 121
 zw 23 97 100 100 95 109 97 114 107 95 116 111 95 97 99 99 117
 109 117 108 97 116 111 114 zw 10 109 97 114 107 95 99 97 114
 114 121 zw 11 119 114 105 116 101 95 117 110 105 116 115 zw 16
 122 101 114 111 95 97 99 99 117 109 117 108 97 116 111 114 zw 15
 116 111 112 95 110 101 120 116 95 99 111 108 117 109 110 zw 4
 100 111 119 110 zw 23 97 100 100 95 109 97 114 107 95 116 111
 95 97 99 99 117 109 117 108 97 116 111 114 zw 4 100 111 119 110
 zw 4 100 111 119 110 zw 10 114 101 97 100 95 99 97 114 114 121
 zw 23 97 100 100 95 109 97 114 107 95 116 111 95 97 99 99 117
 109 117 108 97 116 111 114 zw 4 108 101 102 116 zw 10 119 114
 105 116 101 95 116 101 110 115 zw 5 114 105 103 104 116 zw 11
 119 114 105 116 101 95 117 110 105 116 115 zw 4 100 111 110 101
 zl 8 2 1 10 0 10 17 zl 8 zl 3 zw 1 45 1 0 zl 3 zw 1 45 zw 1 45
 zw 1 45 zl 3 zw 1 45 zw 1 45 0 zl 3 zw 1 45 zw 1 45 zw 1 45 zl 3
 zw 1 61 zw 1 61 zw 1 61 zl 3 zw 1 61 zw 1 61 zw 1 61 zl 3 zw 1
 45 1 0 zl 3 zw 1 45 zw 1 45 zw 1 45 zl 17 zw 16 122 101 114 111
 95 97 99 99 117 109 117 108 97 116 111 114 zw 18 97 100 100 95
 115 116 97 114 116 95 112 111 115 105 116 105 111 110 zw 23 97
 100 100 95 109 97 114 107 95 116 111 95 97 99 99 117 109 117
 108 97 116 111 114 zw 4 100 111 119 110 zw 23 97 100 100 95 109
 97 114 107 95 116 111 95 97 99 99 117 109 117 108 97 116 111
 114 zw 4 100 111 119 110 zw 4 100 111 119 110 zw 11 119 114 105
 116 101 95 117 110 105 116 115 zw 16 122 101 114 111 95 97 99
 99 117 109 117 108 97 116 111 114 zw 15 116 111 112 95 110 101
 120 116 95 99 111 108 117 109 110 zw 23 97 100 100 95 109 97
 114 107 95 116 111 95 97 99 99 117 109 117 108 97 116 111 114
 zw 4 100 111 119 110 zw 4 100 111 119 110 zw 4 100 111 119 110
 zw 10 114 101 97 100 95 99 97 114 114 121 zw 11 119 114 105 116
 101 95 117 110 105 116 115 zw 4 100 111 110 101 zl 8 2 2 10 10
 20 18 zl 8 zl 3 zw 1 45 1 0 zl 3 zw 1 45 zw 1 45 zw 1 45 zl 3
 zw 1 45 1 0 zl 3 zw 1 45 zw 1 45 zw 1 45 zl 3 zw 1 61 zw 1 61
 zw 1 61 zl 3 zw 1 61 zw 1 61 zw 1 61 zl 3 zw 1 45 2 0 zl 3 zw 1
 45 zw 1 45 zw 1 45 zl 18 zw 16 122 101 114 111 95 97 99 99 117
 109 117 108 97 116 111 114 zw 18 97 100 100 95 115 116 97 114
 116 95 112 111 115 105 116 105 111 110 zw 23 97 100 100 95 109
 97 114 107 95 116 111 95 97 99 99 117 109 117 108 97 116 111
 114 zw 4 100 111 119 110 zw 23 97 100 100 95 109 97 114 107 95
 116 111 95 97 99 99 117 109 117 108 97 116 111 114 zw 4 100 111
 119 110 zw 4 100 111 119 110 zw 11 119 114 105 116 101 95 117
 110 105 116 115 zw 16 122 101 114 111 95 97 99 99 117 109 117
 108 97 116 111 114 zw 15 116 111 112 95 110 101 120 116 95 99
 111 108 117 109 110 zw 23 97 100 100 95 109 97 114 107 95 116
 111 95 97 99 99 117 109 117 108 97 116 111 114 zw 4 100 111 119
 110 zw 23 97 100 100 95 109 97 114 107 95 116 111 95 97 99 99
 117 109 117 108 97 116 111 114 zw 4 100 111 119 110 zw 4 100
 111 119 110 zw 10 114 101 97 100 95 99 97 114 114 121 zw 11 119
 114 105 116 101 95 117 110 105 116 115 zw 4 100 111 110 101 zl 8
 2 2 10 90 100 21 zl 8 zl 3 zw 1 45 1 0 zl 3 zw 1 45 zw 1 45 zw 1
 45 zl 3 zw 1 45 9 0 zl 3 zw 1 45 zw 1 45 zw 1 45 zl 3 zw 1 61
 zw 1 61 zw 1 61 zl 3 zw 1 61 zw 1 61 zw 1 61 zl 3 1 0 0 zl 3
 zw 1 45 zw 1 45 zw 1 45 zl 21 zw 16 122 101 114 111 95 97 99
 99 117 109 117 108 97 116 111 114 zw 18 97 100 100 95 115 116
 97 114 116 95 112 111 115 105 116 105 111 110 zw 23 97 100 100
 95 109 97 114 107 95 116 111 95 97 99 99 117 109 117 108 97 116
 111 114 zw 4 100 111 119 110 zw 23 97 100 100 95 109 97 114 107
 95 116 111 95 97 99 99 117 109 117 108 97 116 111 114 zw 4 100
 111 119 110 zw 4 100 111 119 110 zw 11 119 114 105 116 101 95
 117 110 105 116 115 zw 16 122 101 114 111 95 97 99 99 117 109
 117 108 97 116 111 114 zw 15 116 111 112 95 110 101 120 116 95
 99 111 108 117 109 110 zw 23 97 100 100 95 109 97 114 107 95
 116 111 95 97 99 99 117 109 117 108 97 116 111 114 zw 4 100 111
 119 110 zw 23 97 100 100 95 109 97 114 107 95 116 111 95 97 99
 99 117 109 117 108 97 116 111 114 zw 4 100 111 119 110 zw 4 100
 111 119 110 zw 10 114 101 97 100 95 99 97 114 114 121 zw 4 108
 101 102 116 zw 10 119 114 105 116 101 95 116 101 110 115 zw 5
 114 105 103 104 116 zw 11 119 114 105 116 101 95 117 110 105
 116 115 zw 4 100 111 110 101 zl 8 2 3 10 100 110 26 zl 8 zl 4
 zw 1 45 zw 1 45 1 0 zl 4 zw 1 45 zw 1 45 zw 1 45 zw 1 45 zl 4
 zw 1 45 1 0 0 zl 4 zw 1 45 zw 1 45 zw 1 45 zw 1 45 zl 4 zw 1
 61 zw 1 61 zw 1 61 zw 1 61 zl 4 zw 1 61 zw 1 61 zw 1 61 zw 1
 61 zl 4 zw 1 45 1 1 0 zl 4 zw 1 45 zw 1 45 zw 1 45 zw 1 45 zl 26
 zw 16 122 101 114 111 95 97 99 99 117 109 117 108 97 116 111
 114 zw 18 97 100 100 95 115 116 97 114 116 95 112 111 115 105
 116 105 111 110 zw 23 97 100 100 95 109 97 114 107 95 116 111
 95 97 99 99 117 109 117 108 97 116 111 114 zw 4 100 111 119 110
 zw 23 97 100 100 95 109 97 114 107 95 116 111 95 97 99 99 117
 109 117 108 97 116 111 114 zw 4 100 111 119 110 zw 4 100 111
 119 110 zw 11 119 114 105 116 101 95 117 110 105 116 115 zw 16
 122 101 114 111 95 97 99 99 117 109 117 108 97 116 111 114 zw 15
 116 111 112 95 110 101 120 116 95 99 111 108 117 109 110 zw 23
 97 100 100 95 109 97 114 107 95 116 111 95 97 99 99 117 109 117
 108 97 116 111 114 zw 4 100 111 119 110 zw 23 97 100 100 95 109
 97 114 107 95 116 111 95 97 99 99 117 109 117 108 97 116 111
 114 zw 4 100 111 119 110 zw 4 100 111 119 110 zw 10 114 101 97
 100 95 99 97 114 114 121 zw 11 119 114 105 116 101 95 117 110
 105 116 115 zw 16 122 101 114 111 95 97 99 99 117 109 117 108
 97 116 111 114 zw 15 116 111 112 95 110 101 120 116 95 99 111
 108 117 109 110 zw 4 100 111 119 110 zw 23 97 100 100 95 109
 97 114 107 95 116 111 95 97 99 99 117 109 117 108 97 116 111
 114 zw 4 100 111 119 110 zw 4 100 111 119 110 zw 10 114 101 97
 100 95 99 97 114 114 121 zw 11 119 114 105 116 101 95 117 110
 105 116 115 zw 4 100 111 110 101 zl 8 2 3 10 190 200 28 zl 8
 zl 4 zw 1 45 zw 1 45 1 0 zl 4 zw 1 45 zw 1 45 zw 1 45 zw 1 45
 zl 4 zw 1 45 1 9 0 zl 4 zw 1 45 zw 1 45 zw 1 45 zw 1 45 zl 4
 zw 1 61 zw 1 61 zw 1 61 zw 1 61 zl 4 zw 1 61 zw 1 61 zw 1 61
 zw 1 61 zl 4 zw 1 45 2 0 0 zl 4 zw 1 45 1 zw 1 45 zw 1 45 zl 28
 zw 16 122 101 114 111 95 97 99 99 117 109 117 108 97 116 111
 114 zw 18 97 100 100 95 115 116 97 114 116 95 112 111 115 105
 116 105 111 110 zw 23 97 100 100 95 109 97 114 107 95 116 111
 95 97 99 99 117 109 117 108 97 116 111 114 zw 4 100 111 119 110
 zw 23 97 100 100 95 109 97 114 107 95 116 111 95 97 99 99 117
 109 117 108 97 116 111 114 zw 4 100 111 119 110 zw 4 100 111
 119 110 zw 11 119 114 105 116 101 95 117 110 105 116 115 zw 16
 122 101 114 111 95 97 99 99 117 109 117 108 97 116 111 114 zw 15
 116 111 112 95 110 101 120 116 95 99 111 108 117 109 110 zw 23
 97 100 100 95 109 97 114 107 95 116 111 95 97 99 99 117 109 117
 108 97 116 111 114 zw 4 100 111 119 110 zw 23 97 100 100 95 109
 97 114 107 95 116 111 95 97 99 99 117 109 117 108 97 116 111
 114 zw 4 100 111 119 110 zw 4 100 111 119 110 zw 10 114 101 97
 100 95 99 97 114 114 121 zw 10 109 97 114 107 95 99 97 114 114
 121 zw 11 119 114 105 116 101 95 117 110 105 116 115 zw 16 122
 101 114 111 95 97 99 99 117 109 117 108 97 116 111 114 zw 15
 116 111 112 95 110 101 120 116 95 99 111 108 117 109 110 zw 4
 100 111 119 110 zw 23 97 100 100 95 109 97 114 107 95 116 111
 95 97 99 99 117 109 117 108 97 116 111 114 zw 4 100 111 119 110
 zw 4 100 111 119 110 zw 10 114 101 97 100 95 99 97 114 114 121
 zw 23 97 100 100 95 109 97 114 107 95 116 111 95 97 99 99 117
 109 117 108 97 116 111 114 zw 11 119 114 105 116 101 95 117 110
 105 116 115 zw 4 100 111 110 101 zl 8 2 3 10 990 1000 31 zl 8
 zl 4 zw 1 45 zw 1 45 1 0 zl 4 zw 1 45 zw 1 45 zw 1 45 zw 1 45
 zl 4 zw 1 45 9 9 0 zl 4 zw 1 45 zw 1 45 zw 1 45 zw 1 45 zl 4
 zw 1 61 zw 1 61 zw 1 61 zw 1 61 zl 4 zw 1 61 zw 1 61 zw 1 61
 zw 1 61 zl 4 1 0 0 0 zl 4 zw 1 45 1 zw 1 45 zw 1 45 zl 31 zw 16
 122 101 114 111 95 97 99 99 117 109 117 108 97 116 111 114 zw 18
 97 100 100 95 115 116 97 114 116 95 112 111 115 105 116 105 111
 110 zw 23 97 100 100 95 109 97 114 107 95 116 111 95 97 99 99
 117 109 117 108 97 116 111 114 zw 4 100 111 119 110 zw 23 97
 100 100 95 109 97 114 107 95 116 111 95 97 99 99 117 109 117
 108 97 116 111 114 zw 4 100 111 119 110 zw 4 100 111 119 110
 zw 11 119 114 105 116 101 95 117 110 105 116 115 zw 16 122 101
 114 111 95 97 99 99 117 109 117 108 97 116 111 114 zw 15 116
 111 112 95 110 101 120 116 95 99 111 108 117 109 110 zw 23 97
 100 100 95 109 97 114 107 95 116 111 95 97 99 99 117 109 117
 108 97 116 111 114 zw 4 100 111 119 110 zw 23 97 100 100 95 109
 97 114 107 95 116 111 95 97 99 99 117 109 117 108 97 116 111
 114 zw 4 100 111 119 110 zw 4 100 111 119 110 zw 10 114 101 97
 100 95 99 97 114 114 121 zw 10 109 97 114 107 95 99 97 114 114
 121 zw 11 119 114 105 116 101 95 117 110 105 116 115 zw 16 122
 101 114 111 95 97 99 99 117 109 117 108 97 116 111 114 zw 15
 116 111 112 95 110 101 120 116 95 99 111 108 117 109 110 zw 4
 100 111 119 110 zw 23 97 100 100 95 109 97 114 107 95 116 111
 95 97 99 99 117 109 117 108 97 116 111 114 zw 4 100 111 119 110
 zw 4 100 111 119 110 zw 10 114 101 97 100 95 99 97 114 114 121
 zw 23 97 100 100 95 109 97 114 107 95 116 111 95 97 99 99 117
 109 117 108 97 116 111 114 zw 4 108 101 102 116 zw 10 119 114
 105 116 101 95 116 101 110 115 zw 5 114 105 103 104 116 zw 11
 119 114 105 116 101 95 117 110 105 116 115 zw 4 100 111 110 101
 zl 8 2 1 11 9 20 19 zl 8 zl 3 zw 1 45 1 1 zl 3 zw 1 45 zw 1 45
 zw 1 45 zl 3 zw 1 45 zw 1 45 9 zl 3 zw 1 45 zw 1 45 zw 1 45 zl 3
 zw 1 61 zw 1 61 zw 1 61 zl 3 zw 1 61 zw 1 61 zw 1 61 zl 3 zw 1
 45 2 0 zl 3 zw 1 45 1 zw 1 45 zl 19 zw 16 122 101 114 111 95
 97 99 99 117 109 117 108 97 116 111 114 zw 18 97 100 100 95 115
 116 97 114 116 95 112 111 115 105 116 105 111 110 zw 23 97 100
 100 95 109 97 114 107 95 116 111 95 97 99 99 117 109 117 108
 97 116 111 114 zw 4 100 111 119 110 zw 23 97 100 100 95 109 97
 114 107 95 116 111 95 97 99 99 117 109 117 108 97 116 111 114
 zw 4 100 111 119 110 zw 4 100 111 119 110 zw 10 109 97 114 107
 95 99 97 114 114 121 zw 11 119 114 105 116 101 95 117 110 105
 116 115 zw 16 122 101 114 111 95 97 99 99 117 109 117 108 97
 116 111 114 zw 15 116 111 112 95 110 101 120 116 95 99 111 108
 117 109 110 zw 23 97 100 100 95 109 97 114 107 95 116 111 95
 97 99 99 117 109 117 108 97 116 111 114 zw 4 100 111 119 110
 zw 4 100 111 119 110 zw 4 100 111 119 110 zw 10 114 101 97 100
 95 99 97 114 114 121 zw 23 97 100 100 95 109 97 114 107 95 116
 111 95 97 99 99 117 109 117 108 97 116 111 114 zw 11 119 114
 105 116 101 95 117 110 105 116 115 zw 4 100 111 110 101 zl 8
 2 2 11 19 30 20 zl 8 zl 3 zw 1 45 1 1 zl 3 zw 1 45 zw 1 45 zw 1
 45 zl 3 zw 1 45 1 9 zl 3 zw 1 45 zw 1 45 zw 1 45 zl 3 zw 1 61
 zw 1 61 zw 1 61 zl 3 zw 1 61 zw 1 61 zw 1 61 zl 3 zw 1 45 3 0
 zl 3 zw 1 45 1 zw 1 45 zl 20 zw 16 122 101 114 111 95 97 99 99
 117 109 117 108 97 116 111 114 zw 18 97 100 100 95 115 116 97
 114 116 95 112 111 115 105 116 105 111 110 zw 23 97 100 100 95
 109 97 114 107 95 116 111 95 97 99 99 117 109 117 108 97 116
 111 114 zw 4 100 111 119 110 zw 23 97 100 100 95 109 97 114 107
 95 116 111 95 97 99 99 117 109 117 108 97 116 111 114 zw 4 100
 111 119 110 zw 4 100 111 119 110 zw 10 109 97 114 107 95 99 97
 114 114 121 zw 11 119 114 105 116 101 95 117 110 105 116 115
 zw 16 122 101 114 111 95 97 99 99 117 109 117 108 97 116 111
 114 zw 15 116 111 112 95 110 101 120 116 95 99 111 108 117 109
 110 zw 23 97 100 100 95 109 97 114 107 95 116 111 95 97 99 99
 117 109 117 108 97 116 111 114 zw 4 100 111 119 110 zw 23 97
 100 100 95 109 97 114 107 95 116 111 95 97 99 99 117 109 117
 108 97 116 111 114 zw 4 100 111 119 110 zw 4 100 111 119 110
 zw 10 114 101 97 100 95 99 97 114 114 121 zw 23 97 100 100 95
 109 97 114 107 95 116 111 95 97 99 99 117 109 117 108 97 116
 111 114 zw 11 119 114 105 116 101 95 117 110 105 116 115 zw 4
 100 111 110 101 zl 8 2 2 11 89 100 23 zl 8 zl 3 zw 1 45 1 1 zl 3
 zw 1 45 zw 1 45 zw 1 45 zl 3 zw 1 45 8 9 zl 3 zw 1 45 zw 1 45
 zw 1 45 zl 3 zw 1 61 zw 1 61 zw 1 61 zl 3 zw 1 61 zw 1 61 zw 1
 61 zl 3 1 0 0 zl 3 zw 1 45 1 zw 1 45 zl 23 zw 16 122 101 114
 111 95 97 99 99 117 109 117 108 97 116 111 114 zw 18 97 100 100
 95 115 116 97 114 116 95 112 111 115 105 116 105 111 110 zw 23
 97 100 100 95 109 97 114 107 95 116 111 95 97 99 99 117 109 117
 108 97 116 111 114 zw 4 100 111 119 110 zw 23 97 100 100 95 109
 97 114 107 95 116 111 95 97 99 99 117 109 117 108 97 116 111
 114 zw 4 100 111 119 110 zw 4 100 111 119 110 zw 10 109 97 114
 107 95 99 97 114 114 121 zw 11 119 114 105 116 101 95 117 110
 105 116 115 zw 16 122 101 114 111 95 97 99 99 117 109 117 108
 97 116 111 114 zw 15 116 111 112 95 110 101 120 116 95 99 111
 108 117 109 110 zw 23 97 100 100 95 109 97 114 107 95 116 111
 95 97 99 99 117 109 117 108 97 116 111 114 zw 4 100 111 119 110
 zw 23 97 100 100 95 109 97 114 107 95 116 111 95 97 99 99 117
 109 117 108 97 116 111 114 zw 4 100 111 119 110 zw 4 100 111
 119 110 zw 10 114 101 97 100 95 99 97 114 114 121 zw 23 97 100
 100 95 109 97 114 107 95 116 111 95 97 99 99 117 109 117 108
 97 116 111 114 zw 4 108 101 102 116 zw 10 119 114 105 116 101
 95 116 101 110 115 zw 5 114 105 103 104 116 zw 11 119 114 105
 116 101 95 117 110 105 116 115 zw 4 100 111 110 101 zl 8 2 3
 11 109 120 28 zl 8 zl 4 zw 1 45 zw 1 45 1 1 zl 4 zw 1 45 zw 1
 45 zw 1 45 zw 1 45 zl 4 zw 1 45 1 0 9 zl 4 zw 1 45 zw 1 45 zw 1
 45 zw 1 45 zl 4 zw 1 61 zw 1 61 zw 1 61 zw 1 61 zl 4 zw 1 61
 zw 1 61 zw 1 61 zw 1 61 zl 4 zw 1 45 1 2 0 zl 4 zw 1 45 zw 1
 45 1 zw 1 45 zl 28 zw 16 122 101 114 111 95 97 99 99 117 109
 117 108 97 116 111 114 zw 18 97 100 100 95 115 116 97 114 116
 95 112 111 115 105 116 105 111 110 zw 23 97 100 100 95 109 97
 114 107 95 116 111 95 97 99 99 117 109 117 108 97 116 111 114
 zw 4 100 111 119 110 zw 23 97 100 100 95 109 97 114 107 95 116
 111 95 97 99 99 117 109 117 108 97 116 111 114 zw 4 100 111 119
 110 zw 4 100 111 119 110 zw 10 109 97 114 107 95 99 97 114 114
 121 zw 11 119 114 105 116 101 95 117 110 105 116 115 zw 16 122
 101 114 111 95 97 99 99 117 109 117 108 97 116 111 114 zw 15
 116 111 112 95 110 101 120 116 95 99 111 108 117 109 110 zw 23
 97 100 100 95 109 97 114 107 95 116 111 95 97 99 99 117 109 117
 108 97 116 111 114 zw 4 100 111 119 110 zw 23 97 100 100 95 109
 97 114 107 95 116 111 95 97 99 99 117 109 117 108 97 116 111
 114 zw 4 100 111 119 110 zw 4 100 111 119 110 zw 10 114 101 97
 100 95 99 97 114 114 121 zw 23 97 100 100 95 109 97 114 107 95
 116 111 95 97 99 99 117 109 117 108 97 116 111 114 zw 11 119
 114 105 116 101 95 117 110 105 116 115 zw 16 122 101 114 111
 95 97 99 99 117 109 117 108 97 116 111 114 zw 15 116 111 112
 95 110 101 120 116 95 99 111 108 117 109 110 zw 4 100 111 119
 110 zw 23 97 100 100 95 109 97 114 107 95 116 111 95 97 99 99
 117 109 117 108 97 116 111 114 zw 4 100 111 119 110 zw 4 100
 111 119 110 zw 10 114 101 97 100 95 99 97 114 114 121 zw 11 119
 114 105 116 101 95 117 110 105 116 115 zw 4 100 111 110 101 zl 8
 2 3 11 189 200 30 zl 8 zl 4 zw 1 45 zw 1 45 1 1 zl 4 zw 1 45
 zw 1 45 zw 1 45 zw 1 45 zl 4 zw 1 45 1 8 9 zl 4 zw 1 45 zw 1
 45 zw 1 45 zw 1 45 zl 4 zw 1 61 zw 1 61 zw 1 61 zw 1 61 zl 4
 zw 1 61 zw 1 61 zw 1 61 zw 1 61 zl 4 zw 1 45 2 0 0 zl 4 zw 1
 45 1 1 zw 1 45 zl 30 zw 16 122 101 114 111 95 97 99 99 117 109
 117 108 97 116 111 114 zw 18 97 100 100 95 115 116 97 114 116
 95 112 111 115 105 116 105 111 110 zw 23 97 100 100 95 109 97
 114 107 95 116 111 95 97 99 99 117 109 117 108 97 116 111 114
 zw 4 100 111 119 110 zw 23 97 100 100 95 109 97 114 107 95 116
 111 95 97 99 99 117 109 117 108 97 116 111 114 zw 4 100 111 119
 110 zw 4 100 111 119 110 zw 10 109 97 114 107 95 99 97 114 114
 121 zw 11 119 114 105 116 101 95 117 110 105 116 115 zw 16 122
 101 114 111 95 97 99 99 117 109 117 108 97 116 111 114 zw 15
 116 111 112 95 110 101 120 116 95 99 111 108 117 109 110 zw 23
 97 100 100 95 109 97 114 107 95 116 111 95 97 99 99 117 109 117
 108 97 116 111 114 zw 4 100 111 119 110 zw 23 97 100 100 95 109
 97 114 107 95 116 111 95 97 99 99 117 109 117 108 97 116 111
 114 zw 4 100 111 119 110 zw 4 100 111 119 110 zw 10 114 101 97
 100 95 99 97 114 114 121 zw 23 97 100 100 95 109 97 114 107 95
 116 111 95 97 99 99 117 109 117 108 97 116 111 114 zw 10 109
 97 114 107 95 99 97 114 114 121 zw 11 119 114 105 116 101 95
 117 110 105 116 115 zw 16 122 101 114 111 95 97 99 99 117 109
 117 108 97 116 111 114 zw 15 116 111 112 95 110 101 120 116 95
 99 111 108 117 109 110 zw 4 100 111 119 110 zw 23 97 100 100
 95 109 97 114 107 95 116 111 95 97 99 99 117 109 117 108 97 116
 111 114 zw 4 100 111 119 110 zw 4 100 111 119 110 zw 10 114 101
 97 100 95 99 97 114 114 121 zw 23 97 100 100 95 109 97 114 107
 95 116 111 95 97 99 99 117 109 117 108 97 116 111 114 zw 11 119
 114 105 116 101 95 117 110 105 116 115 zw 4 100 111 110 101 zl 8
 2 3 11 989 1000 33 zl 8 zl 4 zw 1 45 zw 1 45 1 1 zl 4 zw 1 45
 zw 1 45 zw 1 45 zw 1 45 zl 4 zw 1 45 9 8 9 zl 4 zw 1 45 zw 1
 45 zw 1 45 zw 1 45 zl 4 zw 1 61 zw 1 61 zw 1 61 zw 1 61 zl 4
 zw 1 61 zw 1 61 zw 1 61 zw 1 61 zl 4 1 0 0 0 zl 4 zw 1 45 1 1
 zw 1 45 zl 33 zw 16 122 101 114 111 95 97 99 99 117 109 117 108
 97 116 111 114 zw 18 97 100 100 95 115 116 97 114 116 95 112
 111 115 105 116 105 111 110 zw 23 97 100 100 95 109 97 114 107
 95 116 111 95 97 99 99 117 109 117 108 97 116 111 114 zw 4 100
 111 119 110 zw 23 97 100 100 95 109 97 114 107 95 116 111 95
 97 99 99 117 109 117 108 97 116 111 114 zw 4 100 111 119 110
 zw 4 100 111 119 110 zw 10 109 97 114 107 95 99 97 114 114 121
 zw 11 119 114 105 116 101 95 117 110 105 116 115 zw 16 122 101
 114 111 95 97 99 99 117 109 117 108 97 116 111 114 zw 15 116
 111 112 95 110 101 120 116 95 99 111 108 117 109 110 zw 23 97
 100 100 95 109 97 114 107 95 116 111 95 97 99 99 117 109 117
 108 97 116 111 114 zw 4 100 111 119 110 zw 23 97 100 100 95 109
 97 114 107 95 116 111 95 97 99 99 117 109 117 108 97 116 111
 114 zw 4 100 111 119 110 zw 4 100 111 119 110 zw 10 114 101 97
 100 95 99 97 114 114 121 zw 23 97 100 100 95 109 97 114 107 95
 116 111 95 97 99 99 117 109 117 108 97 116 111 114 zw 10 109
 97 114 107 95 99 97 114 114 121 zw 11 119 114 105 116 101 95
 117 110 105 116 115 zw 16 122 101 114 111 95 97 99 99 117 109
 117 108 97 116 111 114 zw 15 116 111 112 95 110 101 120 116 95
 99 111 108 117 109 110 zw 4 100 111 119 110 zw 23 97 100 100
 95 109 97 114 107 95 116 111 95 97 99 99 117 109 117 108 97 116
 111 114 zw 4 100 111 119 110 zw 4 100 111 119 110 zw 10 114 101
 97 100 95 99 97 114 114 121 zw 23 97 100 100 95 109 97 114 107
 95 116 111 95 97 99 99 117 109 117 108 97 116 111 114 zw 4 108
 101 102 116 zw 10 119 114 105 116 101 95 116 101 110 115 zw 5
 114 105 103 104 116 zw 11 119 114 105 116 101 95 117 110 105
 116 115 zw 4 100 111 110 101 zl 8 2 1 91 9 100 22 zl 8 zl 3 zw 1
 45 9 1 zl 3 zw 1 45 zw 1 45 zw 1 45 zl 3 zw 1 45 zw 1 45 9 zl 3
 zw 1 45 zw 1 45 zw 1 45 zl 3 zw 1 61 zw 1 61 zw 1 61 zl 3 zw 1
 61 zw 1 61 zw 1 61 zl 3 1 0 0 zl 3 zw 1 45 1 zw 1 45 zl 22 zw 16
 122 101 114 111 95 97 99 99 117 109 117 108 97 116 111 114 zw 18
 97 100 100 95 115 116 97 114 116 95 112 111 115 105 116 105 111
 110 zw 23 97 100 100 95 109 97 114 107 95 116 111 95 97 99 99
 117 109 117 108 97 116 111 114 zw 4 100 111 119 110 zw 23 97
 100 100 95 109 97 114 107 95 116 111 95 97 99 99 117 109 117
 108 97 116 111 114 zw 4 100 111 119 110 zw 4 100 111 119 110
 zw 10 109 97 114 107 95 99 97 114 114 121 zw 11 119 114 105 116
 101 95 117 110 105 116 115 zw 16 122 101 114 111 95 97 99 99
 117 109 117 108 97 116 111 114 zw 15 116 111 112 95 110 101 120
 116 95 99 111 108 117 109 110 zw 23 97 100 100 95 109 97 114
 107 95 116 111 95 97 99 99 117 109 117 108 97 116 111 114 zw 4
 100 111 119 110 zw 4 100 111 119 110 zw 4 100 111 119 110 zw 10
 114 101 97 100 95 99 97 114 114 121 zw 23 97 100 100 95 109 97
 114 107 95 116 111 95 97 99 99 117 109 117 108 97 116 111 114
 zw 4 108 101 102 116 zw 10 119 114 105 116 101 95 116 101 110
 115 zw 5 114 105 103 104 116 zw 11 119 114 105 116 101 95 117
 110 105 116 115 zw 4 100 111 110 101 zl 8 3 1 100 0 100 25 zl 8
 zl 4 zw 1 45 1 0 0 zl 4 zw 1 45 zw 1 45 zw 1 45 zw 1 45 zl 4
 zw 1 45 zw 1 45 zw 1 45 0 zl 4 zw 1 45 zw 1 45 zw 1 45 zw 1 45
 zl 4 zw 1 61 zw 1 61 zw 1 61 zw 1 61 zl 4 zw 1 61 zw 1 61 zw 1
 61 zw 1 61 zl 4 zw 1 45 1 0 0 zl 4 zw 1 45 zw 1 45 zw 1 45 zw 1
 45 zl 25 zw 16 122 101 114 111 95 97 99 99 117 109 117 108 97
 116 111 114 zw 18 97 100 100 95 115 116 97 114 116 95 112 111
 115 105 116 105 111 110 zw 23 97 100 100 95 109 97 114 107 95
 116 111 95 97 99 99 117 109 117 108 97 116 111 114 zw 4 100 111
 119 110 zw 23 97 100 100 95 109 97 114 107 95 116 111 95 97 99
 99 117 109 117 108 97 116 111 114 zw 4 100 111 119 110 zw 4 100
 111 119 110 zw 11 119 114 105 116 101 95 117 110 105 116 115
 zw 16 122 101 114 111 95 97 99 99 117 109 117 108 97 116 111
 114 zw 15 116 111 112 95 110 101 120 116 95 99 111 108 117 109
 110 zw 23 97 100 100 95 109 97 114 107 95 116 111 95 97 99 99
 117 109 117 108 97 116 111 114 zw 4 100 111 119 110 zw 4 100
 111 119 110 zw 4 100 111 119 110 zw 10 114 101 97 100 95 99 97
 114 114 121 zw 11 119 114 105 116 101 95 117 110 105 116 115
 zw 16 122 101 114 111 95 97 99 99 117 109 117 108 97 116 111
 114 zw 15 116 111 112 95 110 101 120 116 95 99 111 108 117 109
 110 zw 23 97 100 100 95 109 97 114 107 95 116 111 95 97 99 99
 117 109 117 108 97 116 111 114 zw 4 100 111 119 110 zw 4 100
 111 119 110 zw 4 100 111 119 110 zw 10 114 101 97 100 95 99 97
 114 114 121 zw 11 119 114 105 116 101 95 117 110 105 116 115
 zw 4 100 111 110 101 zl 8 3 2 100 10 110 26 zl 8 zl 4 zw 1 45
 1 0 0 zl 4 zw 1 45 zw 1 45 zw 1 45 zw 1 45 zl 4 zw 1 45 zw 1
 45 1 0 zl 4 zw 1 45 zw 1 45 zw 1 45 zw 1 45 zl 4 zw 1 61 zw 1
 61 zw 1 61 zw 1 61 zl 4 zw 1 61 zw 1 61 zw 1 61 zw 1 61 zl 4
 zw 1 45 1 1 0 zl 4 zw 1 45 zw 1 45 zw 1 45 zw 1 45 zl 26 zw 16
 122 101 114 111 95 97 99 99 117 109 117 108 97 116 111 114 zw 18
 97 100 100 95 115 116 97 114 116 95 112 111 115 105 116 105 111
 110 zw 23 97 100 100 95 109 97 114 107 95 116 111 95 97 99 99
 117 109 117 108 97 116 111 114 zw 4 100 111 119 110 zw 23 97
 100 100 95 109 97 114 107 95 116 111 95 97 99 99 117 109 117
 108 97 116 111 114 zw 4 100 111 119 110 zw 4 100 111 119 110
 zw 11 119 114 105 116 101 95 117 110 105 116 115 zw 16 122 101
 114 111 95 97 99 99 117 109 117 108 97 116 111 114 zw 15 116
 111 112 95 110 101 120 116 95 99 111 108 117 109 110 zw 23 97
 100 100 95 109 97 114 107 95 116 111 95 97 99 99 117 109 117
 108 97 116 111 114 zw 4 100 111 119 110 zw 23 97 100 100 95 109
 97 114 107 95 116 111 95 97 99 99 117 109 117 108 97 116 111
 114 zw 4 100 111 119 110 zw 4 100 111 119 110 zw 10 114 101 97
 100 95 99 97 114 114 121 zw 11 119 114 105 116 101 95 117 110
 105 116 115 zw 16 122 101 114 111 95 97 99 99 117 109 117 108
 97 116 111 114 zw 15 116 111 112 95 110 101 120 116 95 99 111
 108 117 109 110 zw 23 97 100 100 95 109 97 114 107 95 116 111
 95 97 99 99 117 109 117 108 97 116 111 114 zw 4 100 111 119 110
 zw 4 100 111 119 110 zw 4 100 111 119 110 zw 10 114 101 97 100
 95 99 97 114 114 121 zw 11 119 114 105 116 101 95 117 110 105
 116 115 zw 4 100 111 110 101 zl 8 3 3 100 100 200 27 zl 8 zl 4
 zw 1 45 1 0 0 zl 4 zw 1 45 zw 1 45 zw 1 45 zw 1 45 zl 4 zw 1
 45 1 0 0 zl 4 zw 1 45 zw 1 45 zw 1 45 zw 1 45 zl 4 zw 1 61 zw 1
 61 zw 1 61 zw 1 61 zl 4 zw 1 61 zw 1 61 zw 1 61 zw 1 61 zl 4
 zw 1 45 2 0 0 zl 4 zw 1 45 zw 1 45 zw 1 45 zw 1 45 zl 27 zw 16
 122 101 114 111 95 97 99 99 117 109 117 108 97 116 111 114 zw 18
 97 100 100 95 115 116 97 114 116 95 112 111 115 105 116 105 111
 110 zw 23 97 100 100 95 109 97 114 107 95 116 111 95 97 99 99
 117 109 117 108 97 116 111 114 zw 4 100 111 119 110 zw 23 97
 100 100 95 109 97 114 107 95 116 111 95 97 99 99 117 109 117
 108 97 116 111 114 zw 4 100 111 119 110 zw 4 100 111 119 110
 zw 11 119 114 105 116 101 95 117 110 105 116 115 zw 16 122 101
 114 111 95 97 99 99 117 109 117 108 97 116 111 114 zw 15 116
 111 112 95 110 101 120 116 95 99 111 108 117 109 110 zw 23 97
 100 100 95 109 97 114 107 95 116 111 95 97 99 99 117 109 117
 108 97 116 111 114 zw 4 100 111 119 110 zw 23 97 100 100 95 109
 97 114 107 95 116 111 95 97 99 99 117 109 117 108 97 116 111
 114 zw 4 100 111 119 110 zw 4 100 111 119 110 zw 10 114 101 97
 100 95 99 97 114 114 121 zw 11 119 114 105 116 101 95 117 110
 105 116 115 zw 16 122 101 114 111 95 97 99 99 117 109 117 108
 97 116 111 114 zw 15 116 111 112 95 110 101 120 116 95 99 111
 108 117 109 110 zw 23 97 100 100 95 109 97 114 107 95 116 111
 95 97 99 99 117 109 117 108 97 116 111 114 zw 4 100 111 119 110
 zw 23 97 100 100 95 109 97 114 107 95 116 111 95 97 99 99 117
 109 117 108 97 116 111 114 zw 4 100 111 119 110 zw 4 100 111
 119 110 zw 10 114 101 97 100 95 99 97 114 114 121 zw 11 119 114
 105 116 101 95 117 110 105 116 115 zw 4 100 111 110 101 zl 8
 3 3 100 900 1000 30 zl 8 zl 4 zw 1 45 1 0 0 zl 4 zw 1 45 zw 1
 45 zw 1 45 zw 1 45 zl 4 zw 1 45 9 0 0 zl 4 zw 1 45 zw 1 45 zw 1
 45 zw 1 45 zl 4 zw 1 61 zw 1 61 zw 1 61 zw 1 61 zl 4 zw 1 61
 zw 1 61 zw 1 61 zw 1 61 zl 4 1 0 0 0 zl 4 zw 1 45 zw 1 45 zw 1
 45 zw 1 45 zl 30 zw 16 122 101 114 111 95 97 99 99 117 109 117
 108 97 116 111 114 zw 18 97 100 100 95 115 116 97 114 116 95
 112 111 115 105 116 105 111 110 zw 23 97 100 100 95 109 97 114
 107 95 116 111 95 97 99 99 117 109 117 108 97 116 111 114 zw 4
 100 111 119 110 zw 23 97 100 100 95 109 97 114 107 95 116 111
 95 97 99 99 117 109 117 108 97 116 111 114 zw 4 100 111 119 110
 zw 4 100 111 119 110 zw 11 119 114 105 116 101 95 117 110 105
 116 115 zw 16 122 101 114 111 95 97 99 99 117 109 117 108 97
 116 111 114 zw 15 116 111 112 95 110 101 120 116 95 99 111 108
 117 109 110 zw 23 97 100 100 95 109 97 114 107 95 116 111 95
 97 99 99 117 109 117 108 97 116 111 114 zw 4 100 111 119 110
 zw 23 97 100 100 95 109 97 114 107 95 116 111 95 97 99 99 117
 109 117 108 97 116 111 114 zw 4 100 111 119 110 zw 4 100 111
 119 110 zw 10 114 101 97 100 95 99 97 114 114 121 zw 11 119 114
 105 116 101 95 117 110 105 116 115 zw 16 122 101 114 111 95 97
 99 99 117 109 117 108 97 116 111 114 zw 15 116 111 112 95 110
 101 120 116 95 99 111 108 117 109 110 zw 23 97 100 100 95 109
 97 114 107 95 116 111 95 97 99 99 117 109 117 108 97 116 111
 114 zw 4 100 111 119 110 zw 23 97 100 100 95 109 97 114 107 95
 116 111 95 97 99 99 117 109 117 108 97 116 111 114 zw 4 100 111
 119 110 zw 4 100 111 119 110 zw 10 114 101 97 100 95 99 97 114
 114 121 zw 4 108 101 102 116 zw 10 119 114 105 116 101 95 116
 101 110 115 zw 5 114 105 103 104 116 zw 11 119 114 105 116 101
 95 117 110 105 116 115 zw 4 100 111 110 101 zl 8 3 1 101 9 110
 27 zl 8 zl 4 zw 1 45 1 0 1 zl 4 zw 1 45 zw 1 45 zw 1 45 zw 1
 45 zl 4 zw 1 45 zw 1 45 zw 1 45 9 zl 4 zw 1 45 zw 1 45 zw 1 45
 zw 1 45 zl 4 zw 1 61 zw 1 61 zw 1 61 zw 1 61 zl 4 zw 1 61 zw 1
 61 zw 1 61 zw 1 61 zl 4 zw 1 45 1 1 0 zl 4 zw 1 45 zw 1 45 1
 zw 1 45 zl 27 zw 16 122 101 114 111 95 97 99 99 117 109 117 108
 97 116 111 114 zw 18 97 100 100 95 115 116 97 114 116 95 112
 111 115 105 116 105 111 110 zw 23 97 100 100 95 109 97 114 107
 95 116 111 95 97 99 99 117 109 117 108 97 116 111 114 zw 4 100
 111 119 110 zw 23 97 100 100 95 109 97 114 107 95 116 111 95
 97 99 99 117 109 117 108 97 116 111 114 zw 4 100 111 119 110
 zw 4 100 111 119 110 zw 10 109 97 114 107 95 99 97 114 114 121
 zw 11 119 114 105 116 101 95 117 110 105 116 115 zw 16 122 101
 114 111 95 97 99 99 117 109 117 108 97 116 111 114 zw 15 116
 111 112 95 110 101 120 116 95 99 111 108 117 109 110 zw 23 97
 100 100 95 109 97 114 107 95 116 111 95 97 99 99 117 109 117
 108 97 116 111 114 zw 4 100 111 119 110 zw 4 100 111 119 110
 zw 4 100 111 119 110 zw 10 114 101 97 100 95 99 97 114 114 121
 zw 23 97 100 100 95 109 97 114 107 95 116 111 95 97 99 99 117
 109 117 108 97 116 111 114 zw 11 119 114 105 116 101 95 117 110
 105 116 115 zw 16 122 101 114 111 95 97 99 99 117 109 117 108
 97 116 111 114 zw 15 116 111 112 95 110 101 120 116 95 99 111
 108 117 109 110 zw 23 97 100 100 95 109 97 114 107 95 116 111
 95 97 99 99 117 109 117 108 97 116 111 114 zw 4 100 111 119 110
 zw 4 100 111 119 110 zw 4 100 111 119 110 zw 10 114 101 97 100
 95 99 97 114 114 121 zw 11 119 114 105 116 101 95 117 110 105
 116 115 zw 4 100 111 110 101 zl 8 3 2 101 19 120 28 zl 8 zl 4
 zw 1 45 1 0 1 zl 4 zw 1 45 zw 1 45 zw 1 45 zw 1 45 zl 4 zw 1
 45 zw 1 45 1 9 zl 4 zw 1 45 zw 1 45 zw 1 45 zw 1 45 zl 4 zw 1
 61 zw 1 61 zw 1 61 zw 1 61 zl 4 zw 1 61 zw 1 61 zw 1 61 zw 1
 61 zl 4 zw 1 45 1 2 0 zl 4 zw 1 45 zw 1 45 1 zw 1 45 zl 28 zw 16
 122 101 114 111 95 97 99 99 117 109 117 108 97 116 111 114 zw 18
 97 100 100 95 115 116 97 114 116 95 112 111 115 105 116 105 111
 110 zw 23 97 100 100 95 109 97 114 107 95 116 111 95 97 99 99
 117 109 117 108 97 116 111 114 zw 4 100 111 119 110 zw 23 97
 100 100 95 109 97 114 107 95 116 111 95 97 99 99 117 109 117
 108 97 116 111 114 zw 4 100 111 119 110 zw 4 100 111 119 110
 zw 10 109 97 114 107 95 99 97 114 114 121 zw 11 119 114 105 116
 101 95 117 110 105 116 115 zw 16 122 101 114 111 95 97 99 99
 117 109 117 108 97 116 111 114 zw 15 116 111 112 95 110 101 120
 116 95 99 111 108 117 109 110 zw 23 97 100 100 95 109 97 114
 107 95 116 111 95 97 99 99 117 109 117 108 97 116 111 114 zw 4
 100 111 119 110 zw 23 97 100 100 95 109 97 114 107 95 116 111
 95 97 99 99 117 109 117 108 97 116 111 114 zw 4 100 111 119 110
 zw 4 100 111 119 110 zw 10 114 101 97 100 95 99 97 114 114 121
 zw 23 97 100 100 95 109 97 114 107 95 116 111 95 97 99 99 117
 109 117 108 97 116 111 114 zw 11 119 114 105 116 101 95 117 110
 105 116 115 zw 16 122 101 114 111 95 97 99 99 117 109 117 108
 97 116 111 114 zw 15 116 111 112 95 110 101 120 116 95 99 111
 108 117 109 110 zw 23 97 100 100 95 109 97 114 107 95 116 111
 95 97 99 99 117 109 117 108 97 116 111 114 zw 4 100 111 119 110
 zw 4 100 111 119 110 zw 4 100 111 119 110 zw 10 114 101 97 100
 95 99 97 114 114 121 zw 11 119 114 105 116 101 95 117 110 105
 116 115 zw 4 100 111 110 101 zl 8 3 2 101 99 200 30 zl 8 zl 4
 zw 1 45 1 0 1 zl 4 zw 1 45 zw 1 45 zw 1 45 zw 1 45 zl 4 zw 1
 45 zw 1 45 9 9 zl 4 zw 1 45 zw 1 45 zw 1 45 zw 1 45 zl 4 zw 1
 61 zw 1 61 zw 1 61 zw 1 61 zl 4 zw 1 61 zw 1 61 zw 1 61 zw 1
 61 zl 4 zw 1 45 2 0 0 zl 4 zw 1 45 1 1 zw 1 45 zl 30 zw 16 122
 101 114 111 95 97 99 99 117 109 117 108 97 116 111 114 zw 18
 97 100 100 95 115 116 97 114 116 95 112 111 115 105 116 105 111
 110 zw 23 97 100 100 95 109 97 114 107 95 116 111 95 97 99 99
 117 109 117 108 97 116 111 114 zw 4 100 111 119 110 zw 23 97
 100 100 95 109 97 114 107 95 116 111 95 97 99 99 117 109 117
 108 97 116 111 114 zw 4 100 111 119 110 zw 4 100 111 119 110
 zw 10 109 97 114 107 95 99 97 114 114 121 zw 11 119 114 105 116
 101 95 117 110 105 116 115 zw 16 122 101 114 111 95 97 99 99
 117 109 117 108 97 116 111 114 zw 15 116 111 112 95 110 101 120
 116 95 99 111 108 117 109 110 zw 23 97 100 100 95 109 97 114
 107 95 116 111 95 97 99 99 117 109 117 108 97 116 111 114 zw 4
 100 111 119 110 zw 23 97 100 100 95 109 97 114 107 95 116 111
 95 97 99 99 117 109 117 108 97 116 111 114 zw 4 100 111 119 110
 zw 4 100 111 119 110 zw 10 114 101 97 100 95 99 97 114 114 121
 zw 23 97 100 100 95 109 97 114 107 95 116 111 95 97 99 99 117
 109 117 108 97 116 111 114 zw 10 109 97 114 107 95 99 97 114
 114 121 zw 11 119 114 105 116 101 95 117 110 105 116 115 zw 16
 122 101 114 111 95 97 99 99 117 109 117 108 97 116 111 114 zw 15
 116 111 112 95 110 101 120 116 95 99 111 108 117 109 110 zw 23
 97 100 100 95 109 97 114 107 95 116 111 95 97 99 99 117 109 117
 108 97 116 111 114 zw 4 100 111 119 110 zw 4 100 111 119 110
 zw 4 100 111 119 110 zw 10 114 101 97 100 95 99 97 114 114 121
 zw 23 97 100 100 95 109 97 114 107 95 116 111 95 97 99 99 117
 109 117 108 97 116 111 114 zw 11 119 114 105 116 101 95 117 110
 105 116 115 zw 4 100 111 110 101 zl 8 3 3 101 109 210 29 zl 8
 zl 4 zw 1 45 1 0 1 zl 4 zw 1 45 zw 1 45 zw 1 45 zw 1 45 zl 4
 zw 1 45 1 0 9 zl 4 zw 1 45 zw 1 45 zw 1 45 zw 1 45 zl 4 zw 1
 61 zw 1 61 zw 1 61 zw 1 61 zl 4 zw 1 61 zw 1 61 zw 1 61 zw 1
 61 zl 4 zw 1 45 2 1 0 zl 4 zw 1 45 zw 1 45 1 zw 1 45 zl 29 zw 16
 122 101 114 111 95 97 99 99 117 109 117 108 97 116 111 114 zw 18
 97 100 100 95 115 116 97 114 116 95 112 111 115 105 116 105 111
 110 zw 23 97 100 100 95 109 97 114 107 95 116 111 95 97 99 99
 117 109 117 108 97 116 111 114 zw 4 100 111 119 110 zw 23 97
 100 100 95 109 97 114 107 95 116 111 95 97 99 99 117 109 117
 108 97 116 111 114 zw 4 100 111 119 110 zw 4 100 111 119 110
 zw 10 109 97 114 107 95 99 97 114 114 121 zw 11 119 114 105 116
 101 95 117 110 105 116 115 zw 16 122 101 114 111 95 97 99 99
 117 109 117 108 97 116 111 114 zw 15 116 111 112 95 110 101 120
 116 95 99 111 108 117 109 110 zw 23 97 100 100 95 109 97 114
 107 95 116 111 95 97 99 99 117 109 117 108 97 116 111 114 zw 4
 100 111 119 110 zw 23 97 100 100 95 109 97 114 107 95 116 111
 95 97 99 99 117 109 117 108 97 116 111 114 zw 4 100 111 119 110
 zw 4 100 111 119 110 zw 10 114 101 97 100 95 99 97 114 114 121
 zw 23 97 100 100 95 109 97 114 107 95 116 111 95 97 99 99 117
 109 117 108 97 116 111 114 zw 11 119 114 105 116 101 95 117 110
 105 116 115 zw 16 122 101 114 111 95 97 99 99 117 109 117 108
 97 116 111 114 zw 15 116 111 112 95 110 101 120 116 95 99 111
 108 117 109 110 zw 23 97 100 100 95 109 97 114 107 95 116 111
 95 97 99 99 117 109 117 108 97 116 111 114 zw 4 100 111 119 110
 zw 23 97 100 100 95 109 97 114 107 95 116 111 95 97 99 99 117
 109 117 108 97 116 111 114 zw 4 100 111 119 110 zw 4 100 111
 119 110 zw 10 114 101 97 100 95 99 97 114 114 121 zw 11 119 114
 105 116 101 95 117 110 105 116 115 zw 4 100 111 110 101 zl 8
 3 3 101 199 300 31 zl 8 zl 4 zw 1 45 1 0 1 zl 4 zw 1 45 zw 1
 45 zw 1 45 zw 1 45 zl 4 zw 1 45 1 9 9 zl 4 zw 1 45 zw 1 45 zw 1
 45 zw 1 45 zl 4 zw 1 61 zw 1 61 zw 1 61 zw 1 61 zl 4 zw 1 61
 zw 1 61 zw 1 61 zw 1 61 zl 4 zw 1 45 3 0 0 zl 4 zw 1 45 1 1 zw 1
 45 zl 31 zw 16 122 101 114 111 95 97 99 99 117 109 117 108 97
 116 111 114 zw 18 97 100 100 95 115 116 97 114 116 95 112 111
 115 105 116 105 111 110 zw 23 97 100 100 95 109 97 114 107 95
 116 111 95 97 99 99 117 109 117 108 97 116 111 114 zw 4 100 111
 119 110 zw 23 97 100 100 95 109 97 114 107 95 116 111 95 97 99
 99 117 109 117 108 97 116 111 114 zw 4 100 111 119 110 zw 4 100
 111 119 110 zw 10 109 97 114 107 95 99 97 114 114 121 zw 11 119
 114 105 116 101 95 117 110 105 116 115 zw 16 122 101 114 111
 95 97 99 99 117 109 117 108 97 116 111 114 zw 15 116 111 112
 95 110 101 120 116 95 99 111 108 117 109 110 zw 23 97 100 100
 95 109 97 114 107 95 116 111 95 97 99 99 117 109 117 108 97 116
 111 114 zw 4 100 111 119 110 zw 23 97 100 100 95 109 97 114 107
 95 116 111 95 97 99 99 117 109 117 108 97 116 111 114 zw 4 100
 111 119 110 zw 4 100 111 119 110 zw 10 114 101 97 100 95 99 97
 114 114 121 zw 23 97 100 100 95 109 97 114 107 95 116 111 95
 97 99 99 117 109 117 108 97 116 111 114 zw 10 109 97 114 107
 95 99 97 114 114 121 zw 11 119 114 105 116 101 95 117 110 105
 116 115 zw 16 122 101 114 111 95 97 99 99 117 109 117 108 97
 116 111 114 zw 15 116 111 112 95 110 101 120 116 95 99 111 108
 117 109 110 zw 23 97 100 100 95 109 97 114 107 95 116 111 95
 97 99 99 117 109 117 108 97 116 111 114 zw 4 100 111 119 110
 zw 23 97 100 100 95 109 97 114 107 95 116 111 95 97 99 99 117
 109 117 108 97 116 111 114 zw 4 100 111 119 110 zw 4 100 111
 119 110 zw 10 114 101 97 100 95 99 97 114 114 121 zw 23 97 100
 100 95 109 97 114 107 95 116 111 95 97 99 99 117 109 117 108
 97 116 111 114 zw 11 119 114 105 116 101 95 117 110 105 116 115
 zw 4 100 111 110 101 zl 8 3 3 101 899 1000 34 zl 8 zl 4 zw 1
 45 1 0 1 zl 4 zw 1 45 zw 1 45 zw 1 45 zw 1 45 zl 4 zw 1 45 8
 9 9 zl 4 zw 1 45 zw 1 45 zw 1 45 zw 1 45 zl 4 zw 1 61 zw 1 61
 zw 1 61 zw 1 61 zl 4 zw 1 61 zw 1 61 zw 1 61 zw 1 61 zl 4 1 0
 0 0 zl 4 zw 1 45 1 1 zw 1 45 zl 34 zw 16 122 101 114 111 95 97
 99 99 117 109 117 108 97 116 111 114 zw 18 97 100 100 95 115
 116 97 114 116 95 112 111 115 105 116 105 111 110 zw 23 97 100
 100 95 109 97 114 107 95 116 111 95 97 99 99 117 109 117 108
 97 116 111 114 zw 4 100 111 119 110 zw 23 97 100 100 95 109 97
 114 107 95 116 111 95 97 99 99 117 109 117 108 97 116 111 114
 zw 4 100 111 119 110 zw 4 100 111 119 110 zw 10 109 97 114 107
 95 99 97 114 114 121 zw 11 119 114 105 116 101 95 117 110 105
 116 115 zw 16 122 101 114 111 95 97 99 99 117 109 117 108 97
 116 111 114 zw 15 116 111 112 95 110 101 120 116 95 99 111 108
 117 109 110 zw 23 97 100 100 95 109 97 114 107 95 116 111 95
 97 99 99 117 109 117 108 97 116 111 114 zw 4 100 111 119 110
 zw 23 97 100 100 95 109 97 114 107 95 116 111 95 97 99 99 117
 109 117 108 97 116 111 114 zw 4 100 111 119 110 zw 4 100 111
 119 110 zw 10 114 101 97 100 95 99 97 114 114 121 zw 23 97 100
 100 95 109 97 114 107 95 116 111 95 97 99 99 117 109 117 108
 97 116 111 114 zw 10 109 97 114 107 95 99 97 114 114 121 zw 11
 119 114 105 116 101 95 117 110 105 116 115 zw 16 122 101 114
 111 95 97 99 99 117 109 117 108 97 116 111 114 zw 15 116 111
 112 95 110 101 120 116 95 99 111 108 117 109 110 zw 23 97 100
 100 95 109 97 114 107 95 116 111 95 97 99 99 117 109 117 108
 97 116 111 114 zw 4 100 111 119 110 zw 23 97 100 100 95 109 97
 114 107 95 116 111 95 97 99 99 117 109 117 108 97 116 111 114
 zw 4 100 111 119 110 zw 4 100 111 119 110 zw 10 114 101 97 100
 95 99 97 114 114 121 zw 23 97 100 100 95 109 97 114 107 95 116
 111 95 97 99 99 117 109 117 108 97 116 111 114 zw 4 108 101 102
 116 zw 10 119 114 105 116 101 95 116 101 110 115 zw 5 114 105
 103 104 116 zw 11 119 114 105 116 101 95 117 110 105 116 115
 zw 4 100 111 110 101 zl 8 3 3 101 909 1010 32 zl 8 zl 4 zw 1
 45 1 0 1 zl 4 zw 1 45 zw 1 45 zw 1 45 zw 1 45 zl 4 zw 1 45 9
 0 9 zl 4 zw 1 45 zw 1 45 zw 1 45 zw 1 45 zl 4 zw 1 61 zw 1 61
 zw 1 61 zw 1 61 zl 4 zw 1 61 zw 1 61 zw 1 61 zw 1 61 zl 4 1 0
 1 0 zl 4 zw 1 45 zw 1 45 1 zw 1 45 zl 32 zw 16 122 101 114 111
 95 97 99 99 117 109 117 108 97 116 111 114 zw 18 97 100 100 95
 115 116 97 114 116 95 112 111 115 105 116 105 111 110 zw 23 97
 100 100 95 109 97 114 107 95 116 111 95 97 99 99 117 109 117
 108 97 116 111 114 zw 4 100 111 119 110 zw 23 97 100 100 95 109
 97 114 107 95 116 111 95 97 99 99 117 109 117 108 97 116 111
 114 zw 4 100 111 119 110 zw 4 100 111 119 110 zw 10 109 97 114
 107 95 99 97 114 114 121 zw 11 119 114 105 116 101 95 117 110
 105 116 115 zw 16 122 101 114 111 95 97 99 99 117 109 117 108
 97 116 111 114 zw 15 116 111 112 95 110 101 120 116 95 99 111
 108 117 109 110 zw 23 97 100 100 95 109 97 114 107 95 116 111
 95 97 99 99 117 109 117 108 97 116 111 114 zw 4 100 111 119 110
 zw 23 97 100 100 95 109 97 114 107 95 116 111 95 97 99 99 117
 109 117 108 97 116 111 114 zw 4 100 111 119 110 zw 4 100 111
 119 110 zw 10 114 101 97 100 95 99 97 114 114 121 zw 23 97 100
 100 95 109 97 114 107 95 116 111 95 97 99 99 117 109 117 108
 97 116 111 114 zw 11 119 114 105 116 101 95 117 110 105 116 115
 zw 16 122 101 114 111 95 97 99 99 117 109 117 108 97 116 111
 114 zw 15 116 111 112 95 110 101 120 116 95 99 111 108 117 109
 110 zw 23 97 100 100 95 109 97 114 107 95 116 111 95 97 99 99
 117 109 117 108 97 116 111 114 zw 4 100 111 119 110 zw 23 97
 100 100 95 109 97 114 107 95 116 111 95 97 99 99 117 109 117
 108 97 116 111 114 zw 4 100 111 119 110 zw 4 100 111 119 110
 zw 10 114 101 97 100 95 99 97 114 114 121 zw 4 108 101 102 116
 zw 10 119 114 105 116 101 95 116 101 110 115 zw 5 114 105 103
 104 116 zw 11 119 114 105 116 101 95 117 110 105 116 115 zw 4
 100 111 110 101 zl 8 3 2 110 90 200 28 zl 8 zl 4 zw 1 45 1 1
 0 zl 4 zw 1 45 zw 1 45 zw 1 45 zw 1 45 zl 4 zw 1 45 zw 1 45 9
 0 zl 4 zw 1 45 zw 1 45 zw 1 45 zw 1 45 zl 4 zw 1 61 zw 1 61 zw 1
 61 zw 1 61 zl 4 zw 1 61 zw 1 61 zw 1 61 zw 1 61 zl 4 zw 1 45
 2 0 0 zl 4 zw 1 45 1 zw 1 45 zw 1 45 zl 28 zw 16 122 101 114
 111 95 97 99 99 117 109 117 108 97 116 111 114 zw 18 97 100 100
 95 115 116 97 114 116 95 112 111 115 105 116 105 111 110 zw 23
 97 100 100 95 109 97 114 107 95 116 111 95 97 99 99 117 109 117
 108 97 116 111 114 zw 4 100 111 119 110 zw 23 97 100 100 95 109
 97 114 107 95 116 111 95 97 99 99 117 109 117 108 97 116 111
 114 zw 4 100 111 119 110 zw 4 100 111 119 110 zw 11 119 114 105
 116 101 95 117 110 105 116 115 zw 16 122 101 114 111 95 97 99
 99 117 109 117 108 97 116 111 114 zw 15 116 111 112 95 110 101
 120 116 95 99 111 108 117 109 110 zw 23 97 100 100 95 109 97
 114 107 95 116 111 95 97 99 99 117 109 117 108 97 116 111 114
 zw 4 100 111 119 110 zw 23 97 100 100 95 109 97 114 107 95 116
 111 95 97 99 99 117 109 117 108 97 116 111 114 zw 4 100 111 119
 110 zw 4 100 111 119 110 zw 10 114 101 97 100 95 99 97 114 114
 121 zw 10 109 97 114 107 95 99 97 114 114 121 zw 11 119 114 105
 116 101 95 117 110 105 116 115 zw 16 122 101 114 111 95 97 99
 99 117 109 117 108 97 116 111 114 zw 15 116 111 112 95 110 101
 120 116 95 99 111 108 117 109 110 zw 23 97 100 100 95 109 97
 114 107 95 116 111 95 97 99 99 117 109 117 108 97 116 111 114
 zw 4 100 111 119 110 zw 4 100 111 119 110 zw 4 100 111 119 110
 zw 10 114 101 97 100 95 99 97 114 114 121 zw 23 97 100 100 95
 109 97 114 107 95 116 111 95 97 99 99 117 109 117 108 97 116
 111 114 zw 11 119 114 105 116 101 95 117 110 105 116 115 zw 4
 100 111 110 101 zl 8 3 3 110 190 300 29 zl 8 zl 4 zw 1 45 1 1
 0 zl 4 zw 1 45 zw 1 45 zw 1 45 zw 1 45 zl 4 zw 1 45 1 9 0 zl 4
 zw 1 45 zw 1 45 zw 1 45 zw 1 45 zl 4 zw 1 61 zw 1 61 zw 1 61
 zw 1 61 zl 4 zw 1 61 zw 1 61 zw 1 61 zw 1 61 zl 4 zw 1 45 3 0
 0 zl 4 zw 1 45 1 zw 1 45 zw 1 45 zl 29 zw 16 122 101 114 111
 95 97 99 99 117 109 117 108 97 116 111 114 zw 18 97 100 100 95
 115 116 97 114 116 95 112 111 115 105 116 105 111 110 zw 23 97
 100 100 95 109 97 114 107 95 116 111 95 97 99 99 117 109 117
 108 97 116 111 114 zw 4 100 111 119 110 zw 23 97 100 100 95 109
 97 114 107 95 116 111 95 97 99 99 117 109 117 108 97 116 111
 114 zw 4 100 111 119 110 zw 4 100 111 119 110 zw 11 119 114 105
 116 101 95 117 110 105 116 115 zw 16 122 101 114 111 95 97 99
 99 117 109 117 108 97 116 111 114 zw 15 116 111 112 95 110 101
 120 116 95 99 111 108 117 109 110 zw 23 97 100 100 95 109 97
 114 107 95 116 111 95 97 99 99 117 109 117 108 97 116 111 114
 zw 4 100 111 119 110 zw 23 97 100 100 95 109 97 114 107 95 116
 111 95 97 99 99 117 109 117 108 97 116 111 114 zw 4 100 111 119
 110 zw 4 100 111 119 110 zw 10 114 101 97 100 95 99 97 114 114
 121 zw 10 109 97 114 107 95 99 97 114 114 121 zw 11 119 114 105
 116 101 95 117 110 105 116 115 zw 16 122 101 114 111 95 97 99
 99 117 109 117 108 97 116 111 114 zw 15 116 111 112 95 110 101
 120 116 95 99 111 108 117 109 110 zw 23 97 100 100 95 109 97
 114 107 95 116 111 95 97 99 99 117 109 117 108 97 116 111 114
 zw 4 100 111 119 110 zw 23 97 100 100 95 109 97 114 107 95 116
 111 95 97 99 99 117 109 117 108 97 116 111 114 zw 4 100 111 119
 110 zw 4 100 111 119 110 zw 10 114 101 97 100 95 99 97 114 114
 121 zw 23 97 100 100 95 109 97 114 107 95 116 111 95 97 99 99
 117 109 117 108 97 116 111 114 zw 11 119 114 105 116 101 95 117
 110 105 116 115 zw 4 100 111 110 101 zl 8 3 3 110 890 1000 32
 zl 8 zl 4 zw 1 45 1 1 0 zl 4 zw 1 45 zw 1 45 zw 1 45 zw 1 45
 zl 4 zw 1 45 8 9 0 zl 4 zw 1 45 zw 1 45 zw 1 45 zw 1 45 zl 4
 zw 1 61 zw 1 61 zw 1 61 zw 1 61 zl 4 zw 1 61 zw 1 61 zw 1 61
 zw 1 61 zl 4 1 0 0 0 zl 4 zw 1 45 1 zw 1 45 zw 1 45 zl 32 zw 16
 122 101 114 111 95 97 99 99 117 109 117 108 97 116 111 114 zw 18
 97 100 100 95 115 116 97 114 116 95 112 111 115 105 116 105 111
 110 zw 23 97 100 100 95 109 97 114 107 95 116 111 95 97 99 99
 117 109 117 108 97 116 111 114 zw 4 100 111 119 110 zw 23 97
 100 100 95 109 97 114 107 95 116 111 95 97 99 99 117 109 117
 108 97 116 111 114 zw 4 100 111 119 110 zw 4 100 111 119 110
 zw 11 119 114 105 116 101 95 117 110 105 116 115 zw 16 122 101
 114 111 95 97 99 99 117 109 117 108 97 116 111 114 zw 15 116
 111 112 95 110 101 120 116 95 99 111 108 117 109 110 zw 23 97
 100 100 95 109 97 114 107 95 116 111 95 97 99 99 117 109 117
 108 97 116 111 114 zw 4 100 111 119 110 zw 23 97 100 100 95 109
 97 114 107 95 116 111 95 97 99 99 117 109 117 108 97 116 111
 114 zw 4 100 111 119 110 zw 4 100 111 119 110 zw 10 114 101 97
 100 95 99 97 114 114 121 zw 10 109 97 114 107 95 99 97 114 114
 121 zw 11 119 114 105 116 101 95 117 110 105 116 115 zw 16 122
 101 114 111 95 97 99 99 117 109 117 108 97 116 111 114 zw 15
 116 111 112 95 110 101 120 116 95 99 111 108 117 109 110 zw 23
 97 100 100 95 109 97 114 107 95 116 111 95 97 99 99 117 109 117
 108 97 116 111 114 zw 4 100 111 119 110 zw 23 97 100 100 95 109
 97 114 107 95 116 111 95 97 99 99 117 109 117 108 97 116 111
 114 zw 4 100 111 119 110 zw 4 100 111 119 110 zw 10 114 101 97
 100 95 99 97 114 114 121 zw 23 97 100 100 95 109 97 114 107 95
 116 111 95 97 99 99 117 109 117 108 97 116 111 114 zw 4 108 101
 102 116 zw 10 119 114 105 116 101 95 116 101 110 115 zw 5 114
 105 103 104 116 zw 11 119 114 105 116 101 95 117 110 105 116
 115 zw 4 100 111 110 101 zl 8 3 1 191 9 200 29 zl 8 zl 4 zw 1
 45 1 9 1 zl 4 zw 1 45 zw 1 45 zw 1 45 zw 1 45 zl 4 zw 1 45 zw 1
 45 zw 1 45 9 zl 4 zw 1 45 zw 1 45 zw 1 45 zw 1 45 zl 4 zw 1 61
 zw 1 61 zw 1 61 zw 1 61 zl 4 zw 1 61 zw 1 61 zw 1 61 zw 1 61
 zl 4 zw 1 45 2 0 0 zl 4 zw 1 45 1 1 zw 1 45 zl 29 zw 16 122 101
 114 111 95 97 99 99 117 109 117 108 97 116 111 114 zw 18 97 100
 100 95 115 116 97 114 116 95 112 111 115 105 116 105 111 110
 zw 23 97 100 100 95 109 97 114 107 95 116 111 95 97 99 99 117
 109 117 108 97 116 111 114 zw 4 100 111 119 110 zw 23 97 100
 100 95 109 97 114 107 95 116 111 95 97 99 99 117 109 117 108
 97 116 111 114 zw 4 100 111 119 110 zw 4 100 111 119 110 zw 10
 109 97 114 107 95 99 97 114 114 121 zw 11 119 114 105 116 101
 95 117 110 105 116 115 zw 16 122 101 114 111 95 97 99 99 117
 109 117 108 97 116 111 114 zw 15 116 111 112 95 110 101 120 116
 95 99 111 108 117 109 110 zw 23 97 100 100 95 109 97 114 107
 95 116 111 95 97 99 99 117 109 117 108 97 116 111 114 zw 4 100
 111 119 110 zw 4 100 111 119 110 zw 4 100 111 119 110 zw 10 114
 101 97 100 95 99 97 114 114 121 zw 23 97 100 100 95 109 97 114
 107 95 116 111 95 97 99 99 117 109 117 108 97 116 111 114 zw 10
 109 97 114 107 95 99 97 114 114 121 zw 11 119 114 105 116 101
 95 117 110 105 116 115 zw 16 122 101 114 111 95 97 99 99 117
 109 117 108 97 116 111 114 zw 15 116 111 112 95 110 101 120 116
 95 99 111 108 117 109 110 zw 23 97 100 100 95 109 97 114 107
 95 116 111 95 97 99 99 117 109 117 108 97 116 111 114 zw 4 100
 111 119 110 zw 4 100 111 119 110 zw 4 100 111 119 110 zw 10 114
 101 97 100 95 99 97 114 114 121 zw 23 97 100 100 95 109 97 114
 107 95 116 111 95 97 99 99 117 109 117 108 97 116 111 114 zw 11
 119 114 105 116 101 95 117 110 105 116 115 zw 4 100 111 110 101
 zl 8 3 2 901 99 1000 33 zl 8 zl 4 zw 1 45 9 0 1 zl 4 zw 1 45
 zw 1 45 zw 1 45 zw 1 45 zl 4 zw 1 45 zw 1 45 9 9 zl 4 zw 1 45
 zw 1 45 zw 1 45 zw 1 45 zl 4 zw 1 61 zw 1 61 zw 1 61 zw 1 61
 zl 4 zw 1 61 zw 1 61 zw 1 61 zw 1 61 zl 4 1 0 0 0 zl 4 zw 1 45
 1 1 zw 1 45 zl 33 zw 16 122 101 114 111 95 97 99 99 117 109 117
 108 97 116 111 114 zw 18 97 100 100 95 115 116 97 114 116 95
 112 111 115 105 116 105 111 110 zw 23 97 100 100 95 109 97 114
 107 95 116 111 95 97 99 99 117 109 117 108 97 116 111 114 zw 4
 100 111 119 110 zw 23 97 100 100 95 109 97 114 107 95 116 111
 95 97 99 99 117 109 117 108 97 116 111 114 zw 4 100 111 119 110
 zw 4 100 111 119 110 zw 10 109 97 114 107 95 99 97 114 114 121
 zw 11 119 114 105 116 101 95 117 110 105 116 115 zw 16 122 101
 114 111 95 97 99 99 117 109 117 108 97 116 111 114 zw 15 116
 111 112 95 110 101 120 116 95 99 111 108 117 109 110 zw 23 97
 100 100 95 109 97 114 107 95 116 111 95 97 99 99 117 109 117
 108 97 116 111 114 zw 4 100 111 119 110 zw 23 97 100 100 95 109
 97 114 107 95 116 111 95 97 99 99 117 109 117 108 97 116 111
 114 zw 4 100 111 119 110 zw 4 100 111 119 110 zw 10 114 101 97
 100 95 99 97 114 114 121 zw 23 97 100 100 95 109 97 114 107 95
 116 111 95 97 99 99 117 109 117 108 97 116 111 114 zw 10 109
 97 114 107 95 99 97 114 114 121 zw 11 119 114 105 116 101 95
 117 110 105 116 115 zw 16 122 101 114 111 95 97 99 99 117 109
 117 108 97 116 111 114 zw 15 116 111 112 95 110 101 120 116 95
 99 111 108 117 109 110 zw 23 97 100 100 95 109 97 114 107 95
 116 111 95 97 99 99 117 109 117 108 97 116 111 114 zw 4 100 111
 119 110 zw 4 100 111 119 110 zw 4 100 111 119 110 zw 10 114 101
 97 100 95 99 97 114 114 121 zw 23 97 100 100 95 109 97 114 107
 95 116 111 95 97 99 99 117 109 117 108 97 116 111 114 zw 4 108
 101 102 116 zw 10 119 114 105 116 101 95 116 101 110 115 zw 5
 114 105 103 104 116 zw 11 119 114 105 116 101 95 117 110 105
 116 115 zw 4 100 111 110 101 zl 8 3 2 910 90 1000 31 zl 8 zl 4
 zw 1 45 9 1 0 zl 4 zw 1 45 zw 1 45 zw 1 45 zw 1 45 zl 4 zw 1
 45 zw 1 45 9 0 zl 4 zw 1 45 zw 1 45 zw 1 45 zw 1 45 zl 4 zw 1
 61 zw 1 61 zw 1 61 zw 1 61 zl 4 zw 1 61 zw 1 61 zw 1 61 zw 1
 61 zl 4 1 0 0 0 zl 4 zw 1 45 1 zw 1 45 zw 1 45 zl 31 zw 16 122
 101 114 111 95 97 99 99 117 109 117 108 97 116 111 114 zw 18
 97 100 100 95 115 116 97 114 116 95 112 111 115 105 116 105 111
 110 zw 23 97 100 100 95 109 97 114 107 95 116 111 95 97 99 99
 117 109 117 108 97 116 111 114 zw 4 100 111 119 110 zw 23 97
 100 100 95 109 97 114 107 95 116 111 95 97 99 99 117 109 117
 108 97 116 111 114 zw 4 100 111 119 110 zw 4 100 111 119 110
 zw 11 119 114 105 116 101 95 117 110 105 116 115 zw 16 122 101
 114 111 95 97 99 99 117 109 117 108 97 116 111 114 zw 15 116
 111 112 95 110 101 120 116 95 99 111 108 117 109 110 zw 23 97
 100 100 95 109 97 114 107 95 116 111 95 97 99 99 117 109 117
 108 97 116 111 114 zw 4 100 111 119 110 zw 23 97 100 100 95 109
 97 114 107 95 116 111 95 97 99 99 117 109 117 108 97 116 111
 114 zw 4 100 111 119 110 zw 4 100 111 119 110 zw 10 114 101 97
 100 95 99 97 114 114 121 zw 10 109 97 114 107 95 99 97 114 114
 121 zw 11 119 114 105 116 101 95 117 110 105 116 115 zw 16 122
 101 114 111 95 97 99 99 117 109 117 108 97 116 111 114 zw 15
 116 111 112 95 110 101 120 116 95 99 111 108 117 109 110 zw 23
 97 100 100 95 109 97 114 107 95 116 111 95 97 99 99 117 109 117
 108 97 116 111 114 zw 4 100 111 119 110 zw 4 100 111 119 110
 zw 4 100 111 119 110 zw 10 114 101 97 100 95 99 97 114 114 121
 zw 23 97 100 100 95 109 97 114 107 95 116 111 95 97 99 99 117
 109 117 108 97 116 111 114 zw 4 108 101 102 116 zw 10 119 114
 105 116 101 95 116 101 110 115 zw 5 114 105 103 104 116 zw 11
 119 114 105 116 101 95 117 110 105 116 115 zw 4 100 111 110 101
 zl 8 3 1 991 9 1000 32 zl 8 zl 4 zw 1 45 9 9 1 zl 4 zw 1 45 zw 1
 45 zw 1 45 zw 1 45 zl 4 zw 1 45 zw 1 45 zw 1 45 9 zl 4 zw 1 45
 zw 1 45 zw 1 45 zw 1 45 zl 4 zw 1 61 zw 1 61 zw 1 61 zw 1 61
 zl 4 zw 1 61 zw 1 61 zw 1 61 zw 1 61 zl 4 1 0 0 0 zl 4 zw 1 45
 1 1 zw 1 45 zl 32 zw 16 122 101 114 111 95 97 99 99 117 109 117
 108 97 116 111 114 zw 18 97 100 100 95 115 116 97 114 116 95
 112 111 115 105 116 105 111 110 zw 23 97 100 100 95 109 97 114
 107 95 116 111 95 97 99 99 117 109 117 108 97 116 111 114 zw 4
 100 111 119 110 zw 23 97 100 100 95 109 97 114 107 95 116 111
 95 97 99 99 117 109 117 108 97 116 111 114 zw 4 100 111 119 110
 zw 4 100 111 119 110 zw 10 109 97 114 107 95 99 97 114 114 121
 zw 11 119 114 105 116 101 95 117 110 105 116 115 zw 16 122 101
 114 111 95 97 99 99 117 109 117 108 97 116 111 114 zw 15 116
 111 112 95 110 101 120 116 95 99 111 108 117 109 110 zw 23 97
 100 100 95 109 97 114 107 95 116 111 95 97 99 99 117 109 117
 108 97 116 111 114 zw 4 100 111 119 110 zw 4 100 111 119 110
 zw 4 100 111 119 110 zw 10 114 101 97 100 95 99 97 114 114 121
 zw 23 97 100 100 95 109 97 114 107 95 116 111 95 97 99 99 117
 109 117 108 97 116 111 114 zw 10 109 97 114 107 95 99 97 114
 114 121 zw 11 119 114 105 116 101 95 117 110 105 116 115 zw 16
 122 101 114 111 95 97 99 99 117 109 117 108 97 116 111 114 zw 15
 116 111 112 95 110 101 120 116 95 99 111 108 117 109 110 zw 23
 97 100 100 95 109 97 114 107 95 116 111 95 97 99 99 117 109 117
 108 97 116 111 114 zw 4 100 111 119 110 zw 4 100 111 119 110
 zw 4 100 111 119 110 zw 10 114 101 97 100 95 99 97 114 114 121
 zw 23 97 100 100 95 109 97 114 107 95 116 111 95 97 99 99 117
 109 117 108 97 116 111 114 zw 4 108 101 102 116 zw 10 119 114
 105 116 101 95 116 101 110 115 zw 5 114 105 103 104 116 zw 11
 119 114 105 116 101 95 117 110 105 116 115 zw 4 100 111 110 101