;;; LOADING /csuna/home/richardd/pop/pdp3/pdp3.p
;;; LOADING /csuna/home/richardd/pop/lib/stringtolist.p
;;; LOADING /csuna/home/richardd/pop/lib/stringtovector.p
;;; LOADING /csuna/home/richardd/pop/lib/sysio.p
;;; LOADING /csuna/home/richardd/pop/pdp3/pdp3_utils.p
;;; LOADING /csuna/home/richardd/pop/pdp3/pdp3_getweights.p
;;; LOADING /csuna/home/richardd/pop/pdp3/pdp3_getpatterns.p
;;; LOADING /csuna/home/richardd/pop/pdp3/pdp3_activate.p
;;; LOADING /csuna/home/richardd/pop/pdp3/pdp3_cascade.p
;;; LOADING /csuna/home/richardd/pop/pdp3/pdp3_recordunits.p
;;; LOADING /csuna/home/richardd/pop/pdp3/pdp3_performance.p
;;; LOADING read_rt.p
;;; LOADING threshold_errors.p
;;; LOADING latex_matrix.p
;;; LOADING c_errrt.p
;;; LOADING product_ZERO.p
...?...0...1...2...3...4...5...6...7...8...9..10..12..14..15..16..18..20..21..
	24..25..27..28..30..32..35..36..40..42..45..48..49..54..56..63..64..72
	..81
;;; LOADING zero_rt_cor.p
;;; LOADING Structured_variables.p
;;; LOADING product_10-12.p
...?...0...1...2...3...4...5...6...7...8...9..10..11..12..14..15..16..18..20..
	21..22..24..25..27..28..30..32..33..35..36..40..42..44..45..48..49..50
	..54..55..56..60..63..64..66..70..72..77..80..81..84..88..90..96..99.1
	00.108.110.120.121.132.144


** [~/marith/weights/12_norm- 1 - 10 min 0.4 Max 0.9 and 25 blocks]
** [now starting 1]
** [Classify 100.0 per cent with tss 0.0031]
** [zeros in ~/marith/weights/12_norm- 1]
** [now starting 2]
** [Classify 100.0 per cent with tss 0.003636]
** [zeros in ~/marith/weights/12_norm- 2]
** [now starting 3]
** [Classify 100.0 per cent with tss 0.003425]
** [zeros in ~/marith/weights/12_norm- 3]
** [now starting 4]
** [Classify 100.0 per cent with tss 0.00325]
** [zeros in ~/marith/weights/12_norm- 4]
** [now starting 5]
** [Classify 100.0 per cent with tss 0.003101]
** [now starting 6]
** [Classify 100.0 per cent with tss 0.003698]
** [zeros in ~/marith/weights/12_norm- 6]
** [now starting 7]
** [Classify 100.0 per cent with tss 0.003914]
** [zeros in ~/marith/weights/12_norm- 7]
** [now starting 8]
** [Classify 100.0 per cent with tss 0.003942]
** [zeros in ~/marith/weights/12_norm- 8]
** [now starting 9]
** [Classify 100.0 per cent with tss 0.003172]
** [zeros in ~/marith/weights/12_norm- 9]
** [now starting 10]
** [Classify 100.0 per cent with tss 0.0032]
** [zeros in ~/marith/weights/12_norm- 10]
Total of 5085 errors (tokens),  33.90% of which...
Operand errors           4868.00  95.73%
Operand distance effect  3630.00  71.39%
High frequency            936.00  19.23%
Table errors              217.00   4.27%
Operation errors           22.00   0.43%
Omission errors             0.00   0.00%
0xN = N                     0.00   0.00%
Tie error                 119.00   2.34%



plot_list([11.7 13.8 14.1 15.3 12.5 13.8 13.7 15.4 14.6 14.2 13.9 13.4
	 13.2 13.8 24.3333 25.1111 21.875 25.8889 23.5 29.0 25.7 28.0 27.6
	 28.3 23.5 28.7778 14.2 25.0 20.3 23.75 26.8 31.4 26.5 26.2222
	 24.6667 31.1111 28.3333 25.8 26.1 15.9 21.625 23.75 24.5556 27.0
	 26.0 31.6 23.0 26.25 25.7 25.1 23.5 24.8889 12.8 25.8889 27.5
	 26.8889 25.5 25.6667 25.0 25.8889 27.625 26.5 25.0 25.5 25.1 14.0
	 23.6 31.8 26.3333 25.6667 21.5 26.7778 24.5 31.3 26.1 27.0 23.5
	 26.6 14.1 29.0 27.3 31.6 25.1429 27.1111 23.75 25.8 23.5556 28.1
	 25.6667 25.7 28.125 15.6 25.7 26.8889 23.5 25.8889 24.8 25.8 22.1
	 21.9 25.3 26.1 25.6 21.5 14.6 28.3333 26.0 26.75 28.5556 31.6
	 23.5556 21.6 23.3 27.2 26.0 26.0 25.7 14.4 27.6 31.8889 25.8 26.7
	 25.8 26.375 25.4 27.6 20.8889 24.5 26.5 26.4 14.1 28.5 29.4444
	 25.1 24.75 27.2222 25.5556 26.2 25.75 24.6 20.5 24.8 27.75 13.5
	 23.4 26.2 23.5 25.6 23.6 25.5 24.0 26.1 26.6 24.8 24.0 23.8 12.9
	 28.7778 26.4 24.5556 25.5 26.6 27.875 21.2 25.7 26.3 27.75 23.9
	 22.3]);

** [RT and prob . err . count]
** [r= 0.559769 p( 167 )= 0.0]

Correlations to structure variables
Sum     ** [r= 0.333463 p( 98 )= 0.000349]
Product ** [r= 0.257199 p( 98 )= 0.004894]
Min     ** [r= 0.318332 p( 98 )= 0.000624]
Max     ** [r= 0.257804 p( 98 )= 0.004805]
Sum     ** [r= 0.333463 p( 98 )= 0.000349]
** [Correlation for 0 x0 to 9 x9 problems , only]
Harley       r =   0.37639 p = 0.000057
Miller       r =   0.48172 p = 0.0
Miller (unad r =   0.31796 p = 0.000633
;;; DECLARING VARIABLE N_problems
;;; DECLARING VARIABLE First_multiplier
;;; DECLARING VARIABLE Last_multiplier
;;; DECLARING VARIABLE product_list
;;; DECLARING VARIABLE N_tables
;;; DECLARING VARIABLE N_products
;;; DECLARING VARIABLE epc
;;; DECLARING VARIABLE cE
;;; DECLARING VARIABLE pec
;;; DECLARING VARIABLE little_r
