;;; LOADING /csuna/home/richardd/pop/pdp3/pdp3.p
;;; Loading PDP3 utilities
;;; LOADING read_rt.p
;;; LOADING threshold_errors.p
;;; LOADING latex_matrix.p
;;; LOADING c_errrt.p
;;; LOADING product_code.p
...?...4...6...8...9..10..12..14..15..16..18..20..21..24..25..27..28..30..32..
	35..36..40..42..45..48..49..54..56..63..64..72..81
;;; LOADING rt_cor.p
;;; LOADING Structured_variables.p
;;; LOADING product_code.p
...?...4...6...8...9..10..12..14..15..16..18..20..21..24..25..27..28..30..32..
	35..36..40..42..45..48..49..54..56..63..64..72..81


** [~/marith/weights/one-of-n/equ10- 1 - 10 min 0.4 Max 0.9 and 25 blocks]
** [now starting 1]
** [Classify 100.0 per cent with tss 0.002711]
** [zeros in ~/marith/weights/one-of-n/equ10- 1]
** [now starting 2]
** [Classify 100.0 per cent with tss 0.002573]
** [zeros in ~/marith/weights/one-of-n/equ10- 2]
** [now starting 3]
** [Classify 100.0 per cent with tss 0.001962]
** [zeros in ~/marith/weights/one-of-n/equ10- 3]
** [now starting 4]
** [Classify 100.0 per cent with tss 0.002483]
** [now starting 5]
** [Classify 100.0 per cent with tss 0.002426]
** [zeros in ~/marith/weights/one-of-n/equ10- 5]
** [now starting 6]
** [Classify 100.0 per cent with tss 0.002489]
** [zeros in ~/marith/weights/one-of-n/equ10- 6]
** [now starting 7]
** [Classify 100.0 per cent with tss 0.002872]
** [now starting 8]
** [Classify 100.0 per cent with tss 0.002527]
** [zeros in ~/marith/weights/one-of-n/equ10- 8]
** [now starting 9]
** [Classify 100.0 per cent with tss 0.002024]
** [zeros in ~/marith/weights/one-of-n/equ10- 9]
** [now starting 10]
** [Classify 100.0 per cent with tss 0.003134]
** [zeros in ~/marith/weights/one-of-n/equ10- 10]


plot_list([21.625 23.4444 24.8889 26.4 24.7 24.5 29.1 23.5 23.3333 24.3
	 23.8889 23.3 29.5 25.2 24.6 25.7778 25.1111 23.5556 23.3 24.4444
	 24.9 26.6 25.7 28.5 26.5 23.2 24.2222 21.4 25.5 26.3 24.7 26.1
	 24.4 29.8 24.9 25.8 23.5556 25.4 25.7 27.8889 24.4 25.1 26.5 26.4
	 25.6 23.7 27.5 25.6 28.8 24.5 26.1 24.4 25.4 27.6 23.3333 26.5
	 23.8 25.5556 28.5 25.6667 28.1111 25.5 26.4 22.1111]);

Ten Equ networks using one-of-n encoding.

Total of 1497 errors (tokens),  19.32% of which...
Operand errors           1455.00  97.19%
Operand distance effect   878.00  58.65%
High frequency            609.00  41.86%
Table errors               42.00   2.81%
Operation errors           56.00   3.74%
Omission errors             0.00   0.00%
0xN = N                     0.00   0.00%
Tie error                   9.00   0.60%

** [RT and prob . err . count]
** [r= -0.216881 p( 62 )= 0.042589]

** [product and prob . err . count]
** [r= -0.175781 p( 62 )= 0.082359]

Correlations to structure variables
Sum     ** [r= 0.285716 p( 62 )= 0.011051]
Product ** [r= 0.191927 p( 62 )= 0.064341]
Min     ** [r= 0.060852 p( 62 )= 0.316443]
Max     ** [r= 0.4321 p( 62 )= 0.000182]
Sum     ** [r= 0.285716 p( 62 )= 0.011051]

Campbell     r =   0.60025 p = 0.0
Miller       r =   0.38972 p = 0.000728
Aiken        r =   0.40039 p = 0.000522
Grade 3a     r =   0.53694 p = 0.000367
Grade 3b     r =   0.54634 p = 0.000283
Grade 3c     r =   0.59058 p = 0.000075
Grade 4      r =   0.49022 p = 0.001202
Grade 5      r =   0.60408 p = 0.000048
;;; DECLARING VARIABLE fstringsize
;;; DECLARING VARIABLE poplibist
;;; DECLARING VARIABLE N_problems
;;; DECLARING VARIABLE First_multiplier
;;; DECLARING VARIABLE Last_multiplier
;;; DECLARING VARIABLE product_list
;;; DECLARING VARIABLE N_tables
;;; DECLARING VARIABLE N_products
;;; DECLARING VARIABLE epc
;;; DECLARING VARIABLE cE
;;; DECLARING VARIABLE pec
